[2026-02-06 15:01:36] Manager 异常: 读取状态文件失败: can't subtract offset-naive and offset-aware datetimes
[2026-02-06 15:01:36] 正在自动重启...
[2026-02-06 15:01:36] 正在重启 TTS Manager...
[2026-02-06 15:01:36] TTS Manager 已重新启动
[2026-02-06 15:02:23] Manager 状态正常: Manager 运行正常
[2026-02-06 15:02:49] 最后心跳时间: 2026-02-06T14:59:00.488035+08:00
[2026-02-06 15:02:49] 当前时间: 2026-02-06 15:02:49.738778+08:00, 时间差: 0:03:49.250743
[2026-02-06 15:02:49] Manager 运行正常
[2026-02-06 15:02:49] Manager 状态正常: Manager 运行正常
[2026-02-06 15:02:55] 最后心跳时间: 2026-02-06T14:59:00.488035+08:00
[2026-02-06 15:02:55] 当前时间: 2026-02-06 15:02:55.156929+08:00, 时间差: 0:03:54.668894
[2026-02-06 15:02:55] Manager 运行正常
[2026-02-06 15:02:55] Manager 状态正常: Manager 运行正常
[2026-02-06 15:03:02] 强制重启模式
[2026-02-06 15:03:02] 正在重启 TTS Manager...
[2026-02-06 15:03:02] 启动新的 manager 进程...
[2026-02-06 15:03:02] TTS Manager 已重启
[2026-02-06 15:03:02] 强制重启结果: 成功
[2026-02-06 15:21:25] 最后心跳时间: 2026-02-06T15:20:22.284707+08:00
[2026-02-06 15:21:25] 当前时间: 2026-02-06 15:21:25.643182+08:00, 时间差: 0:01:03.358475
[2026-02-06 15:21:25] Manager 运行正常
[2026-02-06 15:21:25] Manager 状态正常: Manager 运行正常
[2026-02-06 15:30:13] 最后心跳时间: 2026-02-06T15:20:22.284707+08:00
[2026-02-06 15:30:13] 当前时间: 2026-02-06 15:30:13.411162+08:00, 时间差: 0:09:51.126455
[2026-02-06 15:30:13] Manager 异常: 最后心跳: 2026-02-06 15:20:22.284707+08:00, 已超过 5 分钟
[2026-02-06 15:30:13] 正在自动重启...
[2026-02-06 15:30:13] 正在重启 TTS Manager...
[2026-02-06 15:30:13] 启动新的 manager 进程...
[2026-02-06 15:30:13] TTS Manager 已重启
[2026-02-06 15:30:13] 自动重启结果: 成功
[2026-02-06 15:32:08] 强制重启模式
[2026-02-06 15:32:08] 正在重启 TTS Manager...
[2026-02-06 15:32:09] 启动新的 manager 进程...
[2026-02-06 15:32:09] TTS Manager 已重启
[2026-02-06 15:32:09] 强制重启结果: 成功
[2026-02-06 15:50:11] 最后心跳时间: 2026-02-06T15:50:07.049670+08:00
[2026-02-06 15:50:11] 当前时间: 2026-02-06 15:50:11.275686+08:00, 时间差: 0:00:04.226016
[2026-02-06 15:50:11] Manager 运行正常
[2026-02-06 15:50:11] Manager 状态正常: Manager 运行正常
[2026-02-06 16:00:22] 最后心跳时间: 2026-02-06T15:50:07.049670+08:00
[2026-02-06 16:00:22] 当前时间: 2026-02-06 16:00:22.249924+08:00, 时间差: 0:10:15.200254
[2026-02-06 16:00:22] Manager 异常: 最后心跳: 2026-02-06 15:50:07.049670+08:00, 已超过 5 分钟
[2026-02-06 16:00:22] 正在自动重启...
[2026-02-06 16:00:22] 正在重启 TTS Manager...
[2026-02-06 16:00:22] 启动新的 manager 进程...
[2026-02-06 16:00:22] TTS Manager 已重启
[2026-02-06 16:00:22] 自动重启结果: 成功
[2026-02-06 16:10:13] 最后心跳时间: 2026-02-06T16:10:07.706805+08:00
[2026-02-06 16:10:13] 当前时间: 2026-02-06 16:10:13.323655+08:00, 时间差: 0:00:05.616850
[2026-02-06 16:10:13] Manager 运行正常
[2026-02-06 16:10:13] Manager 状态正常: Manager 运行正常
[2026-02-06 16:20:09] 最后心跳时间: 2026-02-06T16:10:07.706805+08:00
[2026-02-06 16:20:09] 当前时间: 2026-02-06 16:20:09.108416+08:00, 时间差: 0:10:01.401611
[2026-02-06 16:20:09] Manager 异常: 最后心跳: 2026-02-06 16:10:07.706805+08:00, 已超过 5 分钟
[2026-02-06 16:20:09] 正在自动重启...
[2026-02-06 16:20:09] 正在重启 TTS Manager...
[2026-02-06 16:20:09] 启动新的 manager 进程...
[2026-02-06 16:20:09] TTS Manager 已重启
[2026-02-06 16:20:09] 自动重启结果: 成功
[2026-02-06 16:30:07] 最后心跳时间: 2026-02-06T16:10:07.706805+08:00
[2026-02-06 16:30:07] 当前时间: 2026-02-06 16:30:07.672972+08:00, 时间差: 0:19:59.966167
[2026-02-06 16:30:07] Manager 异常: 最后心跳: 2026-02-06 16:10:07.706805+08:00, 已超过 5 分钟
[2026-02-06 16:30:07] 正在自动重启...
[2026-02-06 16:30:07] 正在重启 TTS Manager...
[2026-02-06 16:30:07] 启动新的 manager 进程...
[2026-02-06 16:30:07] TTS Manager 已重启
[2026-02-06 16:30:07] 自动重启结果: 成功
[2026-02-06 16:40:06] 最后心跳时间: 2026-02-06T16:10:07.706805+08:00
[2026-02-06 16:40:06] 当前时间: 2026-02-06 16:40:06.871663+08:00, 时间差: 0:29:59.164858
[2026-02-06 16:40:06] Manager 异常: 最后心跳: 2026-02-06 16:10:07.706805+08:00, 已超过 5 分钟
[2026-02-06 16:40:06] 正在自动重启...
[2026-02-06 16:40:06] 正在重启 TTS Manager...
[2026-02-06 16:40:07] 启动新的 manager 进程...
[2026-02-06 16:40:07] TTS Manager 已重启
[2026-02-06 16:40:07] 自动重启结果: 成功
[2026-02-06 16:50:20] 最后心跳时间: 2026-02-06T16:10:07.706805+08:00
[2026-02-06 16:50:20] 当前时间: 2026-02-06 16:50:20.691135+08:00, 时间差: 0:40:12.984330
[2026-02-06 16:50:20] Manager 异常: 最后心跳: 2026-02-06 16:10:07.706805+08:00, 已超过 5 分钟
[2026-02-06 16:50:20] 正在自动重启...
[2026-02-06 16:50:20] 正在重启 TTS Manager...
[2026-02-06 16:50:20] 启动新的 manager 进程...
[2026-02-06 16:50:20] TTS Manager 已重启
[2026-02-06 16:50:20] 自动重启结果: 成功
[2026-02-06 17:00:22] 最后心跳时间: 2026-02-06T16:52:41.955062+08:00
[2026-02-06 17:00:22] 当前时间: 2026-02-06 17:00:22.084907+08:00, 时间差: 0:07:40.129845
[2026-02-06 17:00:22] Manager 异常: 最后心跳: 2026-02-06 16:52:41.955062+08:00, 已超过 5 分钟
[2026-02-06 17:00:22] 正在自动重启...
[2026-02-06 17:00:22] 正在重启 TTS Manager...
[2026-02-06 17:00:22] 启动新的 manager 进程...
[2026-02-06 17:00:22] TTS Manager 已重启
[2026-02-06 17:00:22] 自动重启结果: 成功
[2026-02-06 17:04:00] 最后心跳时间: 2026-02-06T17:03:54.282663+08:00
[2026-02-06 17:04:00] 当前时间: 2026-02-06 17:04:00.719089+08:00, 时间差: 0:00:06.436426
[2026-02-06 17:04:00] Manager 运行正常
[2026-02-06 17:04:00] Manager 状态正常: Manager 运行正常
[2026-02-06 17:20:07] 最后心跳时间: 2026-02-06T17:19:24.145037+08:00
[2026-02-06 17:20:07] 当前时间: 2026-02-06 17:20:07.054188+08:00, 时间差: 0:00:42.909151
[2026-02-06 17:20:07] Manager 运行正常
[2026-02-06 17:20:07] Manager 状态正常: Manager 运行正常
[2026-02-06 17:30:13] 最后心跳时间: 2026-02-06T17:29:24.344399+08:00
[2026-02-06 17:30:13] 当前时间: 2026-02-06 17:30:13.247692+08:00, 时间差: 0:00:48.903293
[2026-02-06 17:30:13] Manager 运行正常
[2026-02-06 17:30:13] Manager 状态正常: Manager 运行正常
[2026-02-06 17:50:12] 最后心跳时间: 2026-02-06T17:32:24.403026+08:00
[2026-02-06 17:50:12] 当前时间: 2026-02-06 17:50:12.010689+08:00, 时间差: 0:17:47.607663
[2026-02-06 17:50:12] Manager 异常: 最后心跳: 2026-02-06 17:32:24.403026+08:00, 已超过 5 分钟
[2026-02-06 17:50:12] 正在自动重启...
[2026-02-06 17:50:12] 正在重启 TTS Manager...
[2026-02-06 17:50:12] 启动新的 manager 进程...
[2026-02-06 17:50:12] TTS Manager 已重启
[2026-02-06 17:50:12] 自动重启结果: 成功
[2026-02-06 18:00:05] 最后心跳时间: 2026-02-06T17:59:12.429336+08:00
[2026-02-06 18:00:05] 当前时间: 2026-02-06 18:00:05.937570+08:00, 时间差: 0:00:53.508234
[2026-02-06 18:00:05] Manager 运行正常
[2026-02-06 18:00:05] Manager 状态正常: Manager 运行正常
[2026-02-06 18:20:06] 最后心跳时间: 2026-02-06T18:19:12.824198+08:00
[2026-02-06 18:20:06] 当前时间: 2026-02-06 18:20:06.159412+08:00, 时间差: 0:00:53.335214
[2026-02-06 18:20:06] Manager 运行正常
[2026-02-06 18:20:06] Manager 状态正常: Manager 运行正常
[2026-02-06 18:30:10] 最后心跳时间: 2026-02-06T18:30:06.555121+08:00
[2026-02-06 18:30:10] 当前时间: 2026-02-06 18:30:10.560811+08:00, 时间差: 0:00:04.005690
[2026-02-06 18:30:10] Manager 运行正常
[2026-02-06 18:30:10] Manager 状态正常: Manager 运行正常
[2026-02-06 18:40:07] 最后心跳时间: 2026-02-06T18:39:13.215450+08:00
[2026-02-06 18:40:07] 当前时间: 2026-02-06 18:40:07.544873+08:00, 时间差: 0:00:54.329423
[2026-02-06 18:40:07] Manager 运行正常
[2026-02-06 18:40:07] Manager 状态正常: Manager 运行正常
[2026-02-06 18:50:10] 最后心跳时间: 2026-02-06T18:49:13.407335+08:00
[2026-02-06 18:50:10] 当前时间: 2026-02-06 18:50:10.498310+08:00, 时间差: 0:00:57.090975
[2026-02-06 18:50:10] Manager 运行正常
[2026-02-06 18:50:10] Manager 状态正常: Manager 运行正常
[2026-02-06 19:20:11] 最后心跳时间: 2026-02-06T19:20:06.319661+08:00
[2026-02-06 19:20:11] 当前时间: 2026-02-06 19:20:11.485671+08:00, 时间差: 0:00:05.166010
[2026-02-06 19:20:11] Manager 运行正常
[2026-02-06 19:20:11] Manager 状态正常: Manager 运行正常
[2026-02-06 19:30:13] 最后心跳时间: 2026-02-06T19:30:07.394180+08:00
[2026-02-06 19:30:13] 当前时间: 2026-02-06 19:30:13.970034+08:00, 时间差: 0:00:06.575854
[2026-02-06 19:30:13] Manager 运行正常
[2026-02-06 19:30:13] Manager 状态正常: Manager 运行正常
[2026-02-06 19:40:14] 最后心跳时间: 2026-02-06T19:39:14.395494+08:00
[2026-02-06 19:40:14] 当前时间: 2026-02-06 19:40:14.180191+08:00, 时间差: 0:00:59.784697
[2026-02-06 19:40:14] Manager 运行正常
[2026-02-06 19:40:14] Manager 状态正常: Manager 运行正常
[2026-02-06 19:50:25] 最后心跳时间: 2026-02-06T19:50:14.608981+08:00
[2026-02-06 19:50:25] 当前时间: 2026-02-06 19:50:25.238061+08:00, 时间差: 0:00:10.629080
[2026-02-06 19:50:25] Manager 运行正常
[2026-02-06 19:50:25] Manager 状态正常: Manager 运行正常
[2026-02-06 20:00:07] 最后心跳时间: 2026-02-06T19:59:14.782912+08:00
[2026-02-06 20:00:07] 当前时间: 2026-02-06 20:00:07.171775+08:00, 时间差: 0:00:52.388863
[2026-02-06 20:00:07] Manager 运行正常
[2026-02-06 20:00:07] Manager 状态正常: Manager 运行正常
[2026-02-06 20:20:17] 最后心跳时间: 2026-02-06T20:20:15.189463+08:00
[2026-02-06 20:20:17] 当前时间: 2026-02-06 20:20:17.690887+08:00, 时间差: 0:00:02.501424
[2026-02-06 20:20:17] Manager 运行正常
[2026-02-06 20:20:17] Manager 状态正常: Manager 运行正常
[2026-02-06 20:30:34] 最后心跳时间: 2026-02-06T20:30:15.382243+08:00
[2026-02-06 20:30:34] 当前时间: 2026-02-06 20:30:34.371902+08:00, 时间差: 0:00:18.989659
[2026-02-06 20:30:34] Manager 运行正常
[2026-02-06 20:30:34] Manager 状态正常: Manager 运行正常
[2026-02-06 20:40:12] 最后心跳时间: 2026-02-06T20:40:06.596470+08:00
[2026-02-06 20:40:12] 当前时间: 2026-02-06 20:40:12.614367+08:00, 时间差: 0:00:06.017897
[2026-02-06 20:40:12] Manager 运行正常
[2026-02-06 20:40:12] Manager 状态正常: Manager 运行正常
[2026-02-06 20:50:16] 最后心跳时间: 2026-02-06T20:50:15.776037+08:00
[2026-02-06 20:50:16] 当前时间: 2026-02-06 20:50:16.869166+08:00, 时间差: 0:00:01.093129
[2026-02-06 20:50:16] Manager 运行正常
[2026-02-06 20:50:16] Manager 状态正常: Manager 运行正常
[2026-02-06 21:00:14] 最后心跳时间: 2026-02-06T20:59:15.960035+08:00
[2026-02-06 21:00:14] 当前时间: 2026-02-06 21:00:14.929014+08:00, 时间差: 0:00:58.968979
[2026-02-06 21:00:14] Manager 运行正常
[2026-02-06 21:00:14] Manager 状态正常: Manager 运行正常
[2026-02-06 21:20:07] 最后心跳时间: 2026-02-06T21:19:16.371652+08:00
[2026-02-06 21:20:07] 当前时间: 2026-02-06 21:20:07.015600+08:00, 时间差: 0:00:50.643948
[2026-02-06 21:20:07] Manager 运行正常
[2026-02-06 21:20:07] Manager 状态正常: Manager 运行正常
[2026-02-06 21:30:27] 最后心跳时间: 2026-02-06T21:30:16.584890+08:00
[2026-02-06 21:30:27] 当前时间: 2026-02-06 21:30:27.826938+08:00, 时间差: 0:00:11.242048
[2026-02-06 21:30:27] Manager 运行正常
[2026-02-06 21:30:27] Manager 状态正常: Manager 运行正常
[2026-02-06 21:40:06] 最后心跳时间: 2026-02-06T21:39:16.767936+08:00
[2026-02-06 21:40:06] 当前时间: 2026-02-06 21:40:06.310277+08:00, 时间差: 0:00:49.542341
[2026-02-06 21:40:06] Manager 运行正常
[2026-02-06 21:40:06] Manager 状态正常: Manager 运行正常
[2026-02-06 21:50:06] 最后心跳时间: 2026-02-06T21:49:16.980041+08:00
[2026-02-06 21:50:06] 当前时间: 2026-02-06 21:50:06.943345+08:00, 时间差: 0:00:49.963304
[2026-02-06 21:50:06] Manager 运行正常
[2026-02-06 21:50:06] Manager 状态正常: Manager 运行正常
[2026-02-06 22:00:06] 最后心跳时间: 2026-02-06T21:59:17.185674+08:00
[2026-02-06 22:00:06] 当前时间: 2026-02-06 22:00:06.438436+08:00, 时间差: 0:00:49.252762
[2026-02-06 22:00:06] Manager 运行正常
[2026-02-06 22:00:06] Manager 状态正常: Manager 运行正常
[2026-02-06 22:10:08] 最后心跳时间: 2026-02-06T22:09:17.390985+08:00
[2026-02-06 22:10:08] 当前时间: 2026-02-06 22:10:08.009761+08:00, 时间差: 0:00:50.618776
[2026-02-06 22:10:08] Manager 运行正常
[2026-02-06 22:10:08] Manager 状态正常: Manager 运行正常
[2026-02-06 22:20:19] 最后心跳时间: 2026-02-06T22:20:17.619681+08:00
[2026-02-06 22:20:19] 当前时间: 2026-02-06 22:20:19.617196+08:00, 时间差: 0:00:01.997515
[2026-02-06 22:20:19] Manager 运行正常
[2026-02-06 22:20:19] Manager 状态正常: Manager 运行正常
[2026-02-06 22:30:12] 最后心跳时间: 2026-02-06T22:29:17.810532+08:00
[2026-02-06 22:30:12] 当前时间: 2026-02-06 22:30:12.982490+08:00, 时间差: 0:00:55.171958
[2026-02-06 22:30:12] Manager 运行正常
[2026-02-06 22:30:12] Manager 状态正常: Manager 运行正常
[2026-02-06 22:40:11] 最后心跳时间: 2026-02-06T22:39:18.031789+08:00
[2026-02-06 22:40:11] 当前时间: 2026-02-06 22:40:11.542830+08:00, 时间差: 0:00:53.511041
[2026-02-06 22:40:11] Manager 运行正常
[2026-02-06 22:40:11] Manager 状态正常: Manager 运行正常
[2026-02-06 23:20:24] 最后心跳时间: 2026-02-06T23:20:18.890117+08:00
[2026-02-06 23:20:24] 当前时间: 2026-02-06 23:20:24.371256+08:00, 时间差: 0:00:05.481139
[2026-02-06 23:20:24] Manager 运行正常
[2026-02-06 23:20:24] Manager 状态正常: Manager 运行正常
[2026-02-07 00:40:18] 最后心跳时间: 2026-02-07T00:40:12.027366+08:00
[2026-02-07 00:40:18] 当前时间: 2026-02-07 00:40:18.328708+08:00, 时间差: 0:00:06.301342
[2026-02-07 00:40:18] Manager 运行正常
[2026-02-07 00:40:18] Manager 状态正常: Manager 运行正常
[2026-02-07 00:50:13] 最后心跳时间: 2026-02-07T00:50:08.507192+08:00
[2026-02-07 00:50:13] 当前时间: 2026-02-07 00:50:13.825577+08:00, 时间差: 0:00:05.318385
[2026-02-07 00:50:13] Manager 运行正常
[2026-02-07 00:50:13] Manager 状态正常: Manager 运行正常
[2026-02-07 01:20:07] 最后心跳时间: 2026-02-07T01:19:21.426632+08:00
[2026-02-07 01:20:07] 当前时间: 2026-02-07 01:20:07.466376+08:00, 时间差: 0:00:46.039744
[2026-02-07 01:20:07] Manager 运行正常
[2026-02-07 01:20:07] Manager 状态正常: Manager 运行正常
[2026-02-07 01:30:28] 最后心跳时间: 2026-02-07T01:30:21.658402+08:00
[2026-02-07 01:30:28] 当前时间: 2026-02-07 01:30:28.176560+08:00, 时间差: 0:00:06.518158
[2026-02-07 01:30:28] Manager 运行正常
[2026-02-07 01:30:28] Manager 状态正常: Manager 运行正常
[2026-02-07 01:40:28] 最后心跳时间: 2026-02-07T01:40:21.865394+08:00
[2026-02-07 01:40:28] 当前时间: 2026-02-07 01:40:28.471844+08:00, 时间差: 0:00:06.606450
[2026-02-07 01:40:28] Manager 运行正常
[2026-02-07 01:40:28] Manager 状态正常: Manager 运行正常
[2026-02-07 02:10:07] 最后心跳时间: 2026-02-07T02:09:22.458901+08:00
[2026-02-07 02:10:07] 当前时间: 2026-02-07 02:10:07.634998+08:00, 时间差: 0:00:45.176097
[2026-02-07 02:10:07] Manager 运行正常
[2026-02-07 02:10:07] Manager 状态正常: Manager 运行正常
[2026-02-07 02:40:15] 最后心跳时间: 2026-02-07T02:40:08.524690+08:00
[2026-02-07 02:40:15] 当前时间: 2026-02-07 02:40:15.038753+08:00, 时间差: 0:00:06.514063
[2026-02-07 02:40:15] Manager 运行正常
[2026-02-07 02:40:15] Manager 状态正常: Manager 运行正常
[2026-02-07 02:50:06] 最后心跳时间: 2026-02-07T02:49:23.237088+08:00
[2026-02-07 02:50:06] 当前时间: 2026-02-07 02:50:06.887085+08:00, 时间差: 0:00:43.649997
[2026-02-07 02:50:06] Manager 运行正常
[2026-02-07 02:50:06] Manager 状态正常: Manager 运行正常
[2026-02-07 03:10:06] 最后心跳时间: 2026-02-07T03:09:23.582479+08:00
[2026-02-07 03:10:06] 当前时间: 2026-02-07 03:10:06.845895+08:00, 时间差: 0:00:43.263416
[2026-02-07 03:10:06] Manager 运行正常
[2026-02-07 03:10:06] Manager 状态正常: Manager 运行正常
[2026-02-07 03:32:19] 最后心跳时间: 2026-02-07T03:31:23.882252+08:00
[2026-02-07 03:32:19] 当前时间: 2026-02-07 03:32:19.926593+08:00, 时间差: 0:00:56.044341
[2026-02-07 03:32:19] Manager 运行正常
[2026-02-07 03:32:19] Manager 状态正常: Manager 运行正常
[2026-02-07 03:32:52] 最后心跳时间: 2026-02-07T03:32:23.893900+08:00
[2026-02-07 03:32:52] 当前时间: 2026-02-07 03:32:52.278831+08:00, 时间差: 0:00:28.384931
[2026-02-07 03:32:52] Manager 运行正常
[2026-02-07 03:32:52] Manager 状态正常: Manager 运行正常
[2026-02-07 03:50:14] 最后心跳时间: 2026-02-07T03:50:07.400258+08:00
[2026-02-07 03:50:14] 当前时间: 2026-02-07 03:50:14.078440+08:00, 时间差: 0:00:06.678182
[2026-02-07 03:50:14] Manager 运行正常
[2026-02-07 03:50:14] Manager 状态正常: Manager 运行正常
[2026-02-07 04:00:16] 最后心跳时间: 2026-02-07T03:59:24.275654+08:00
[2026-02-07 04:00:16] 当前时间: 2026-02-07 04:00:16.572553+08:00, 时间差: 0:00:52.296899
[2026-02-07 04:00:16] Manager 运行正常
[2026-02-07 04:00:16] Manager 状态正常: Manager 运行正常
[2026-02-07 04:20:07] 最后心跳时间: 2026-02-07T04:19:24.612151+08:00
[2026-02-07 04:20:07] 当前时间: 2026-02-07 04:20:07.325102+08:00, 时间差: 0:00:42.712951
[2026-02-07 04:20:07] Manager 运行正常
[2026-02-07 04:20:07] Manager 状态正常: Manager 运行正常
[2026-02-07 04:40:09] 最后心跳时间: 2026-02-07T04:39:24.998571+08:00
[2026-02-07 04:40:09] 当前时间: 2026-02-07 04:40:09.005753+08:00, 时间差: 0:00:44.007182
[2026-02-07 04:40:09] Manager 运行正常
[2026-02-07 04:40:09] Manager 状态正常: Manager 运行正常
[2026-02-07 05:20:07] 最后心跳时间: 2026-02-07T05:19:25.789118+08:00
[2026-02-07 05:20:07] 当前时间: 2026-02-07 05:20:07.060769+08:00, 时间差: 0:00:41.271651
[2026-02-07 05:20:07] Manager 运行正常
[2026-02-07 05:20:07] Manager 状态正常: Manager 运行正常
[2026-02-07 05:30:07] 最后心跳时间: 2026-02-07T05:29:25.978470+08:00
[2026-02-07 05:30:07] 当前时间: 2026-02-07 05:30:07.904324+08:00, 时间差: 0:00:41.925854
[2026-02-07 05:30:07] Manager 运行正常
[2026-02-07 05:30:07] Manager 状态正常: Manager 运行正常
[2026-02-07 06:20:38] 最后心跳时间: 2026-02-07T06:20:26.988619+08:00
[2026-02-07 06:20:38] 当前时间: 2026-02-07 06:20:38.642361+08:00, 时间差: 0:00:11.653742
[2026-02-07 06:20:38] Manager 运行正常
[2026-02-07 06:20:38] Manager 状态正常: Manager 运行正常
[2026-02-07 06:30:23] 最后心跳时间: 2026-02-07T06:30:19.007857+08:00
[2026-02-07 06:30:23] 当前时间: 2026-02-07 06:30:23.801441+08:00, 时间差: 0:00:04.793584
[2026-02-07 06:30:23] Manager 运行正常
[2026-02-07 06:30:23] Manager 状态正常: Manager 运行正常
[2026-02-07 07:50:07] 最后心跳时间: 2026-02-07T07:49:28.747120+08:00
[2026-02-07 07:50:07] 当前时间: 2026-02-07 07:50:07.959222+08:00, 时间差: 0:00:39.212102
[2026-02-07 07:50:07] Manager 运行正常
[2026-02-07 07:50:07] Manager 状态正常: Manager 运行正常
[2026-02-07 08:00:08] 最后心跳时间: 2026-02-07T07:59:28.946418+08:00
[2026-02-07 08:00:08] 当前时间: 2026-02-07 08:00:08.507472+08:00, 时间差: 0:00:39.561054
[2026-02-07 08:00:08] Manager 运行正常
[2026-02-07 08:00:08] Manager 状态正常: Manager 运行正常
[2026-02-07 08:10:06] 最后心跳时间: 2026-02-07T08:09:29.139002+08:00
[2026-02-07 08:10:06] 当前时间: 2026-02-07 08:10:06.985212+08:00, 时间差: 0:00:37.846210
[2026-02-07 08:10:06] Manager 运行正常
[2026-02-07 08:10:06] Manager 状态正常: Manager 运行正常
[2026-02-07 08:20:16] 最后心跳时间: 2026-02-07T08:19:29.330951+08:00
[2026-02-07 08:20:16] 当前时间: 2026-02-07 08:20:16.502114+08:00, 时间差: 0:00:47.171163
[2026-02-07 08:20:16] Manager 运行正常
[2026-02-07 08:20:16] Manager 状态正常: Manager 运行正常
[2026-02-07 08:40:16] 最后心跳时间: 2026-02-07T08:40:09.207665+08:00
[2026-02-07 08:40:16] 当前时间: 2026-02-07 08:40:16.774832+08:00, 时间差: 0:00:07.567167
[2026-02-07 08:40:16] Manager 运行正常
[2026-02-07 08:40:16] Manager 状态正常: Manager 运行正常
[2026-02-07 08:50:05] 最后心跳时间: 2026-02-07T08:49:29.904795+08:00
[2026-02-07 08:50:05] 当前时间: 2026-02-07 08:50:05.614132+08:00, 时间差: 0:00:35.709337
[2026-02-07 08:50:05] Manager 运行正常
[2026-02-07 08:50:05] Manager 状态正常: Manager 运行正常
[2026-02-07 09:40:06] 最后心跳时间: 2026-02-07T09:39:30.872301+08:00
[2026-02-07 09:40:06] 当前时间: 2026-02-07 09:40:06.610110+08:00, 时间差: 0:00:35.737809
[2026-02-07 09:40:06] Manager 运行正常
[2026-02-07 09:40:06] Manager 状态正常: Manager 运行正常
[2026-02-07 10:00:07] 最后心跳时间: 2026-02-07T09:59:31.266322+08:00
[2026-02-07 10:00:07] 当前时间: 2026-02-07 10:00:07.717875+08:00, 时间差: 0:00:36.451553
[2026-02-07 10:00:07] Manager 运行正常
[2026-02-07 10:00:07] Manager 状态正常: Manager 运行正常
[2026-02-07 10:50:06] 最后心跳时间: 2026-02-07T10:49:32.240744+08:00
[2026-02-07 10:50:06] 当前时间: 2026-02-07 10:50:06.128307+08:00, 时间差: 0:00:33.887563
[2026-02-07 10:50:06] Manager 运行正常
[2026-02-07 10:50:06] Manager 状态正常: Manager 运行正常
[2026-02-07 11:10:05] 最后心跳时间: 2026-02-07T11:09:32.632417+08:00
[2026-02-07 11:10:05] 当前时间: 2026-02-07 11:10:05.964163+08:00, 时间差: 0:00:33.331746
[2026-02-07 11:10:05] Manager 运行正常
[2026-02-07 11:10:05] Manager 状态正常: Manager 运行正常
[2026-02-07 11:50:20] 最后心跳时间: 2026-02-07T11:49:33.441158+08:00
[2026-02-07 11:50:20] 当前时间: 2026-02-07 11:50:20.200602+08:00, 时间差: 0:00:46.759444
[2026-02-07 11:50:20] Manager 运行正常
[2026-02-07 11:50:20] Manager 状态正常: Manager 运行正常
[2026-02-07 12:20:10] 最后心跳时间: 2026-02-07T12:20:05.972263+08:00
[2026-02-07 12:20:10] 当前时间: 2026-02-07 12:20:10.428433+08:00, 时间差: 0:00:04.456170
[2026-02-07 12:20:10] Manager 运行正常
[2026-02-07 12:20:10] Manager 状态正常: Manager 运行正常
[2026-02-07 12:30:06] 最后心跳时间: 2026-02-07T12:29:34.223320+08:00
[2026-02-07 12:30:06] 当前时间: 2026-02-07 12:30:06.994855+08:00, 时间差: 0:00:32.771535
[2026-02-07 12:30:06] Manager 运行正常
[2026-02-07 12:30:06] Manager 状态正常: Manager 运行正常
[2026-02-07 12:40:06] 最后心跳时间: 2026-02-07T12:39:34.414820+08:00
[2026-02-07 12:40:06] 当前时间: 2026-02-07 12:40:06.804536+08:00, 时间差: 0:00:32.389716
[2026-02-07 12:40:06] Manager 运行正常
[2026-02-07 12:40:06] Manager 状态正常: Manager 运行正常
[2026-02-07 12:50:17] 最后心跳时间: 2026-02-07T12:49:34.606568+08:00
[2026-02-07 12:50:17] 当前时间: 2026-02-07 12:50:17.032143+08:00, 时间差: 0:00:42.425575
[2026-02-07 12:50:17] Manager 运行正常
[2026-02-07 12:50:17] Manager 状态正常: Manager 运行正常
[2026-02-07 13:30:06] 最后心跳时间: 2026-02-07T13:29:35.380591+08:00
[2026-02-07 13:30:06] 当前时间: 2026-02-07 13:30:06.996088+08:00, 时间差: 0:00:31.615497
[2026-02-07 13:30:06] Manager 运行正常
[2026-02-07 13:30:06] Manager 状态正常: Manager 运行正常
[2026-02-07 14:00:06] 最后心跳时间: 2026-02-07T13:59:35.958767+08:00
[2026-02-07 14:00:06] 当前时间: 2026-02-07 14:00:06.964449+08:00, 时间差: 0:00:31.005682
[2026-02-07 14:00:06] Manager 运行正常
[2026-02-07 14:00:06] Manager 状态正常: Manager 运行正常
[2026-02-07 14:30:17] 最后心跳时间: 2026-02-07T14:30:09.569377+08:00
[2026-02-07 14:30:17] 当前时间: 2026-02-07 14:30:17.265015+08:00, 时间差: 0:00:07.695638
[2026-02-07 14:30:17] Manager 运行正常
[2026-02-07 14:30:17] Manager 状态正常: Manager 运行正常
[2026-02-07 14:51:11] 最后心跳时间: 2026-02-07T14:50:36.944330+08:00
[2026-02-07 14:51:11] 当前时间: 2026-02-07 14:51:11.941290+08:00, 时间差: 0:00:34.996960
[2026-02-07 14:51:11] Manager 运行正常
[2026-02-07 14:51:11] Manager 状态正常: Manager 运行正常
[2026-02-07 15:00:07] 最后心跳时间: 2026-02-07T14:59:37.121491+08:00
[2026-02-07 15:00:07] 当前时间: 2026-02-07 15:00:07.158681+08:00, 时间差: 0:00:30.037190
[2026-02-07 15:00:07] Manager 运行正常
[2026-02-07 15:00:07] Manager 状态正常: Manager 运行正常
[2026-02-07 15:10:14] 最后心跳时间: 2026-02-07T15:10:08.523805+08:00
[2026-02-07 15:10:14] 当前时间: 2026-02-07 15:10:14.117721+08:00, 时间差: 0:00:05.593916
[2026-02-07 15:10:14] Manager 运行正常
[2026-02-07 15:10:14] Manager 状态正常: Manager 运行正常
[2026-02-07 15:50:07] 最后心跳时间: 2026-02-07T15:49:38.082562+08:00
[2026-02-07 15:50:07] 当前时间: 2026-02-07 15:50:07.466520+08:00, 时间差: 0:00:29.383958
[2026-02-07 15:50:07] Manager 运行正常
[2026-02-07 15:50:07] Manager 状态正常: Manager 运行正常
[2026-02-07 16:30:26] 最后心跳时间: 2026-02-07T16:30:10.400448+08:00
[2026-02-07 16:30:26] 当前时间: 2026-02-07 16:30:26.416280+08:00, 时间差: 0:00:16.015832
[2026-02-07 16:30:26] Manager 运行正常
[2026-02-07 16:30:26] Manager 状态正常: Manager 运行正常
[2026-02-07 16:40:33] 最后心跳时间: 2026-02-07T16:39:39.049792+08:00
[2026-02-07 16:40:33] 当前时间: 2026-02-07 16:40:33.383592+08:00, 时间差: 0:00:54.333800
[2026-02-07 16:40:33] Manager 运行正常
[2026-02-07 16:40:33] Manager 状态正常: Manager 运行正常
[2026-02-07 16:50:08] 最后心跳时间: 2026-02-07T16:49:39.248193+08:00
[2026-02-07 16:50:08] 当前时间: 2026-02-07 16:50:08.902800+08:00, 时间差: 0:00:29.654607
[2026-02-07 16:50:08] Manager 运行正常
[2026-02-07 16:50:08] Manager 状态正常: Manager 运行正常
[2026-02-07 17:10:07] 最后心跳时间: 2026-02-07T17:09:39.642918+08:00
[2026-02-07 17:10:07] 当前时间: 2026-02-07 17:10:07.546320+08:00, 时间差: 0:00:27.903402
[2026-02-07 17:10:07] Manager 运行正常
[2026-02-07 17:10:07] Manager 状态正常: Manager 运行正常
[2026-02-07 17:20:19] 最后心跳时间: 2026-02-07T17:20:12.558638+08:00
[2026-02-07 17:20:19] 当前时间: 2026-02-07 17:20:19.697640+08:00, 时间差: 0:00:07.139002
[2026-02-07 17:20:19] Manager 运行正常
[2026-02-07 17:20:19] Manager 状态正常: Manager 运行正常
[2026-02-07 17:50:12] 最后心跳时间: 2026-02-07T17:50:08.870436+08:00
[2026-02-07 17:50:12] 当前时间: 2026-02-07 17:50:12.927518+08:00, 时间差: 0:00:04.057082
[2026-02-07 17:50:12] Manager 运行正常
[2026-02-07 17:50:12] Manager 状态正常: Manager 运行正常
[2026-02-07 18:00:18] 最后心跳时间: 2026-02-07T18:00:13.773858+08:00
[2026-02-07 18:00:18] 当前时间: 2026-02-07 18:00:18.723193+08:00, 时间差: 0:00:04.949335
[2026-02-07 18:00:18] Manager 运行正常
[2026-02-07 18:00:18] Manager 状态正常: Manager 运行正常
[2026-02-07 18:30:11] 最后心跳时间: 2026-02-07T18:30:06.472513+08:00
[2026-02-07 18:30:11] 当前时间: 2026-02-07 18:30:11.761423+08:00, 时间差: 0:00:05.288910
[2026-02-07 18:30:11] Manager 运行正常
[2026-02-07 18:30:11] Manager 状态正常: Manager 运行正常
[2026-02-07 18:41:37] 最后心跳时间: 2026-02-07T18:40:41.425178+08:00
[2026-02-07 18:41:37] 当前时间: 2026-02-07 18:41:37.774561+08:00, 时间差: 0:00:56.349383
[2026-02-07 18:41:37] Manager 运行正常
[2026-02-07 18:41:37] Manager 状态正常: Manager 运行正常
[2026-02-07 18:41:54] 最后心跳时间: 2026-02-07T18:41:41.445420+08:00
[2026-02-07 18:41:54] 当前时间: 2026-02-07 18:41:54.179700+08:00, 时间差: 0:00:12.734280
[2026-02-07 18:41:54] Manager 运行正常
[2026-02-07 18:41:54] Manager 状态正常: Manager 运行正常
[2026-02-07 18:51:15] 最后心跳时间: 2026-02-07T18:50:41.620713+08:00
[2026-02-07 18:51:15] 当前时间: 2026-02-07 18:51:15.218954+08:00, 时间差: 0:00:33.598241
[2026-02-07 18:51:15] Manager 运行正常
[2026-02-07 18:51:15] Manager 状态正常: Manager 运行正常
[2026-02-07 19:00:20] 最后心跳时间: 2026-02-07T19:00:13.277082+08:00
[2026-02-07 19:00:20] 当前时间: 2026-02-07 19:00:20.883853+08:00, 时间差: 0:00:07.606771
[2026-02-07 19:00:20] Manager 运行正常
[2026-02-07 19:00:20] Manager 状态正常: Manager 运行正常
[2026-02-07 19:30:06] 最后心跳时间: 2026-02-07T19:29:42.388607+08:00
[2026-02-07 19:30:06] 当前时间: 2026-02-07 19:30:06.954773+08:00, 时间差: 0:00:24.566166
[2026-02-07 19:30:06] Manager 运行正常
[2026-02-07 19:30:06] Manager 状态正常: Manager 运行正常
[2026-02-07 20:41:17] 最后心跳时间: 2026-02-07T20:40:43.800456+08:00
[2026-02-07 20:41:17] 当前时间: 2026-02-07 20:41:17.831134+08:00, 时间差: 0:00:34.030678
[2026-02-07 20:41:17] Manager 运行正常
[2026-02-07 20:41:17] Manager 状态正常: Manager 运行正常
[2026-02-07 20:42:09] 最后心跳时间: 2026-02-07T20:41:43.820854+08:00
[2026-02-07 20:42:09] 当前时间: 2026-02-07 20:42:09.177397+08:00, 时间差: 0:00:25.356543
[2026-02-07 20:42:09] Manager 运行正常
[2026-02-07 20:42:09] Manager 状态正常: Manager 运行正常
[2026-02-07 20:50:08] 最后心跳时间: 2026-02-07T20:49:43.982007+08:00
[2026-02-07 20:50:08] 当前时间: 2026-02-07 20:50:08.213932+08:00, 时间差: 0:00:24.231925
[2026-02-07 20:50:08] Manager 运行正常
[2026-02-07 20:50:08] Manager 状态正常: Manager 运行正常
[2026-02-07 21:50:22] 最后心跳时间: 2026-02-07T21:49:45.169676+08:00
[2026-02-07 21:50:22] 当前时间: 2026-02-07 21:50:22.008159+08:00, 时间差: 0:00:36.838483
[2026-02-07 21:50:22] Manager 运行正常
[2026-02-07 21:50:22] Manager 状态正常: Manager 运行正常
[2026-02-07 21:51:17] 最后心跳时间: 2026-02-07T21:50:45.189586+08:00
[2026-02-07 21:51:17] 当前时间: 2026-02-07 21:51:17.074073+08:00, 时间差: 0:00:31.884487
[2026-02-07 21:51:17] Manager 运行正常
[2026-02-07 21:51:17] Manager 状态正常: Manager 运行正常
[2026-02-07 22:10:17] 最后心跳时间: 2026-02-07T22:10:09.602718+08:00
[2026-02-07 22:10:17] 当前时间: 2026-02-07 22:10:17.789823+08:00, 时间差: 0:00:08.187105
[2026-02-07 22:10:17] Manager 运行正常
[2026-02-07 22:10:17] Manager 状态正常: Manager 运行正常
[2026-02-07 22:50:08] 最后心跳时间: 2026-02-07T22:49:46.346069+08:00
[2026-02-07 22:50:08] 当前时间: 2026-02-07 22:50:08.778840+08:00, 时间差: 0:00:22.432771
[2026-02-07 22:50:08] Manager 运行正常
[2026-02-07 22:50:08] Manager 状态正常: Manager 运行正常
[2026-02-07 23:12:10] 最后心跳时间: 2026-02-07T23:11:46.783200+08:00
[2026-02-07 23:12:10] 当前时间: 2026-02-07 23:12:10.991110+08:00, 时间差: 0:00:24.207910
[2026-02-07 23:12:10] Manager 运行正常
[2026-02-07 23:12:10] Manager 状态正常: Manager 运行正常
[2026-02-07 23:40:16] 最后心跳时间: 2026-02-07T23:39:47.321327+08:00
[2026-02-07 23:40:16] 当前时间: 2026-02-07 23:40:16.605560+08:00, 时间差: 0:00:29.284233
[2026-02-07 23:40:16] Manager 运行正常
[2026-02-07 23:40:16] Manager 状态正常: Manager 运行正常
[2026-02-08 00:11:45] 最后心跳时间: 2026-02-08T00:10:47.919719+08:00
[2026-02-08 00:11:45] 当前时间: 2026-02-08 00:11:45.526592+08:00, 时间差: 0:00:57.606873
[2026-02-08 00:11:45] Manager 运行正常
[2026-02-08 00:11:45] Manager 状态正常: Manager 运行正常
[2026-02-08 00:21:32] 最后心跳时间: 2026-02-08T00:21:28.061571+08:00
[2026-02-08 00:21:32] 当前时间: 2026-02-08 00:21:32.560007+08:00, 时间差: 0:00:04.498436
[2026-02-08 00:21:32] Manager 运行正常
[2026-02-08 00:21:32] Manager 状态正常: Manager 运行正常
[2026-02-08 00:34:10] 最后心跳时间: 2026-02-08T00:33:59.855519+08:00
[2026-02-08 00:34:10] 当前时间: 2026-02-08 00:34:10.092038+08:00, 时间差: 0:00:10.236519
[2026-02-08 00:34:10] Manager 运行正常
[2026-02-08 00:34:10] Manager 状态正常: Manager 运行正常
[2026-02-08 01:40:08] 最后心跳时间: 2026-02-08T01:39:49.671782+08:00
[2026-02-08 01:40:08] 当前时间: 2026-02-08 01:40:08.123357+08:00, 时间差: 0:00:18.451575
[2026-02-08 01:40:08] Manager 运行正常
[2026-02-08 01:40:08] Manager 状态正常: Manager 运行正常
[2026-02-08 01:50:13] 最后心跳时间: 2026-02-08T01:50:08.421403+08:00
[2026-02-08 01:50:13] 当前时间: 2026-02-08 01:50:13.909709+08:00, 时间差: 0:00:05.488306
[2026-02-08 01:50:13] Manager 运行正常
[2026-02-08 01:50:13] Manager 状态正常: Manager 运行正常
[2026-02-08 02:00:08] 最后心跳时间: 2026-02-08T01:59:50.064764+08:00
[2026-02-08 02:00:08] 当前时间: 2026-02-08 02:00:08.892497+08:00, 时间差: 0:00:18.827733
[2026-02-08 02:00:08] Manager 运行正常
[2026-02-08 02:00:08] Manager 状态正常: Manager 运行正常
[2026-02-08 03:00:07] 最后心跳时间: 2026-02-08T02:59:51.233427+08:00
[2026-02-08 03:00:07] 当前时间: 2026-02-08 03:00:07.614991+08:00, 时间差: 0:00:16.381564
[2026-02-08 03:00:07] Manager 运行正常
[2026-02-08 03:00:07] Manager 状态正常: Manager 运行正常
[2026-02-08 03:20:12] 最后心跳时间: 2026-02-08T03:20:08.203313+08:00
[2026-02-08 03:20:12] 当前时间: 2026-02-08 03:20:12.969488+08:00, 时间差: 0:00:04.766175
[2026-02-08 03:20:12] Manager 运行正常
[2026-02-08 03:20:12] Manager 状态正常: Manager 运行正常
[2026-02-08 03:40:06] 最后心跳时间: 2026-02-08T03:39:52.025845+08:00
[2026-02-08 03:40:06] 当前时间: 2026-02-08 03:40:06.239924+08:00, 时间差: 0:00:14.214079
[2026-02-08 03:40:06] Manager 运行正常
[2026-02-08 03:40:06] Manager 状态正常: Manager 运行正常
[2026-02-08 04:10:06] 最后心跳时间: 2026-02-08T04:09:52.618802+08:00
[2026-02-08 04:10:06] 当前时间: 2026-02-08 04:10:06.738375+08:00, 时间差: 0:00:14.119573
[2026-02-08 04:10:06] Manager 运行正常
[2026-02-08 04:10:06] Manager 状态正常: Manager 运行正常
[2026-02-08 04:20:50] 强制重启模式
[2026-02-08 04:20:50] 正在重启 TTS Manager...
[2026-02-08 04:20:50] 启动新的 manager 进程...
[2026-02-08 04:20:50] TTS Manager 已重启
[2026-02-08 04:20:50] 强制重启结果: 成功
[2026-02-08 04:50:25] 最后心跳时间: 2026-02-08T04:49:53.395959+08:00
[2026-02-08 04:50:25] 当前时间: 2026-02-08 04:50:25.077727+08:00, 时间差: 0:00:31.681768
[2026-02-08 04:50:25] Manager 运行正常
[2026-02-08 04:50:25] Manager 状态正常: Manager 运行正常
[2026-02-08 05:00:09] 最后心跳时间: 2026-02-08T04:59:53.586419+08:00
[2026-02-08 05:00:09] 当前时间: 2026-02-08 05:00:09.496303+08:00, 时间差: 0:00:15.909884
[2026-02-08 05:00:09] Manager 运行正常
[2026-02-08 05:00:09] Manager 状态正常: Manager 运行正常
[2026-02-08 05:10:19] 最后心跳时间: 2026-02-08T05:10:07.713038+08:00
[2026-02-08 05:10:19] 当前时间: 2026-02-08 05:10:19.131713+08:00, 时间差: 0:00:11.418675
[2026-02-08 05:10:19] Manager 运行正常
[2026-02-08 05:10:19] Manager 状态正常: Manager 运行正常
[2026-02-08 05:20:08] 最后心跳时间: 2026-02-08T05:19:53.984187+08:00
[2026-02-08 05:20:08] 当前时间: 2026-02-08 05:20:08.440034+08:00, 时间差: 0:00:14.455847
[2026-02-08 05:20:08] Manager 运行正常
[2026-02-08 05:20:08] Manager 状态正常: Manager 运行正常
[2026-02-08 05:50:07] 最后心跳时间: 2026-02-08T05:49:54.614456+08:00
[2026-02-08 05:50:07] 当前时间: 2026-02-08 05:50:07.042814+08:00, 时间差: 0:00:12.428358
[2026-02-08 05:50:07] Manager 运行正常
[2026-02-08 05:50:07] Manager 状态正常: Manager 运行正常
[2026-02-08 06:00:07] 最后心跳时间: 2026-02-08T05:59:54.827776+08:00
[2026-02-08 06:00:07] 当前时间: 2026-02-08 06:00:07.479669+08:00, 时间差: 0:00:12.651893
[2026-02-08 06:00:07] Manager 运行正常
[2026-02-08 06:00:07] Manager 状态正常: Manager 运行正常
[2026-02-08 06:10:18] 最后心跳时间: 2026-02-08T06:10:12.805038+08:00
[2026-02-08 06:10:18] 当前时间: 2026-02-08 06:10:18.626647+08:00, 时间差: 0:00:05.821609
[2026-02-08 06:10:18] Manager 运行正常
[2026-02-08 06:10:18] Manager 状态正常: Manager 运行正常
[2026-02-08 06:40:07] 最后心跳时间: 2026-02-08T06:39:55.644915+08:00
[2026-02-08 06:40:07] 当前时间: 2026-02-08 06:40:07.624087+08:00, 时间差: 0:00:11.979172
[2026-02-08 06:40:07] Manager 运行正常
[2026-02-08 06:40:07] Manager 状态正常: Manager 运行正常
[2026-02-08 07:00:14] 最后心跳时间: 2026-02-08T06:59:56.044303+08:00
[2026-02-08 07:00:14] 当前时间: 2026-02-08 07:00:14.620548+08:00, 时间差: 0:00:18.576245
[2026-02-08 07:00:14] Manager 运行正常
[2026-02-08 07:00:14] Manager 状态正常: Manager 运行正常
[2026-02-08 07:30:14] 最后心跳时间: 2026-02-08T07:30:08.098769+08:00
[2026-02-08 07:30:14] 当前时间: 2026-02-08 07:30:14.630812+08:00, 时间差: 0:00:06.532043
[2026-02-08 07:30:14] Manager 运行正常
[2026-02-08 07:30:14] Manager 状态正常: Manager 运行正常
[2026-02-08 07:40:08] 最后心跳时间: 2026-02-08T07:39:56.862616+08:00
[2026-02-08 07:40:08] 当前时间: 2026-02-08 07:40:08.197328+08:00, 时间差: 0:00:11.334712
[2026-02-08 07:40:08] Manager 运行正常
[2026-02-08 07:40:08] Manager 状态正常: Manager 运行正常
[2026-02-08 07:50:07] 最后心跳时间: 2026-02-08T07:49:57.058536+08:00
[2026-02-08 07:50:07] 当前时间: 2026-02-08 07:50:07.831981+08:00, 时间差: 0:00:10.773445
[2026-02-08 07:50:07] Manager 运行正常
[2026-02-08 07:50:07] Manager 状态正常: Manager 运行正常
[2026-02-08 08:00:19] 最后心跳时间: 2026-02-08T08:00:09.346161+08:00
[2026-02-08 08:00:19] 当前时间: 2026-02-08 08:00:19.342140+08:00, 时间差: 0:00:09.995979
[2026-02-08 08:00:19] Manager 运行正常
[2026-02-08 08:00:19] Manager 状态正常: Manager 运行正常
[2026-02-08 08:10:07] 最后心跳时间: 2026-02-08T08:09:57.460520+08:00
[2026-02-08 08:10:07] 当前时间: 2026-02-08 08:10:07.665467+08:00, 时间差: 0:00:10.204947
[2026-02-08 08:10:07] Manager 运行正常
[2026-02-08 08:10:07] Manager 状态正常: Manager 运行正常
[2026-02-08 08:30:06] 最后心跳时间: 2026-02-08T08:29:57.864578+08:00
[2026-02-08 08:30:06] 当前时间: 2026-02-08 08:30:06.999297+08:00, 时间差: 0:00:09.134719
[2026-02-08 08:30:06] Manager 运行正常
[2026-02-08 08:30:06] Manager 状态正常: Manager 运行正常
[2026-02-08 08:40:08] 最后心跳时间: 2026-02-08T08:39:58.068715+08:00
[2026-02-08 08:40:08] 当前时间: 2026-02-08 08:40:08.054289+08:00, 时间差: 0:00:09.985574
[2026-02-08 08:40:08] Manager 运行正常
[2026-02-08 08:40:08] Manager 状态正常: Manager 运行正常
[2026-02-08 08:50:08] 最后心跳时间: 2026-02-08T08:49:58.266717+08:00
[2026-02-08 08:50:08] 当前时间: 2026-02-08 08:50:08.415927+08:00, 时间差: 0:00:10.149210
[2026-02-08 08:50:08] Manager 运行正常
[2026-02-08 08:50:08] Manager 状态正常: Manager 运行正常
[2026-02-08 09:20:17] 最后心跳时间: 2026-02-08T09:20:06.580597+08:00
[2026-02-08 09:20:17] 当前时间: 2026-02-08 09:20:17.243484+08:00, 时间差: 0:00:10.662887
[2026-02-08 09:20:17] Manager 运行正常
[2026-02-08 09:20:17] Manager 状态正常: Manager 运行正常
[2026-02-08 09:51:44] 最后心跳时间: 2026-02-08T09:50:59.527209+08:00
[2026-02-08 09:51:44] 当前时间: 2026-02-08 09:51:44.288801+08:00, 时间差: 0:00:44.761592
[2026-02-08 09:51:44] Manager 运行正常
[2026-02-08 09:51:44] Manager 状态正常: Manager 运行正常
[2026-02-08 10:20:43] 最后心跳时间: 2026-02-08T10:20:01.548699+08:00
[2026-02-08 10:20:43] 当前时间: 2026-02-08 10:20:43.927748+08:00, 时间差: 0:00:42.379049
[2026-02-08 10:20:43] Manager 运行正常
[2026-02-08 10:20:43] Manager 状态正常: Manager 运行正常
[2026-02-08 10:31:54] 最后心跳时间: 2026-02-08T10:31:00.306829+08:00
[2026-02-08 10:31:54] 当前时间: 2026-02-08 10:31:54.586319+08:00, 时间差: 0:00:54.279490
[2026-02-08 10:31:54] Manager 运行正常
[2026-02-08 10:31:54] Manager 状态正常: Manager 运行正常
[2026-02-08 10:40:19] 最后心跳时间: 2026-02-08T10:40:00.485463+08:00
[2026-02-08 10:40:19] 当前时间: 2026-02-08 10:40:19.224458+08:00, 时间差: 0:00:18.738995
[2026-02-08 10:40:19] Manager 运行正常
[2026-02-08 10:40:19] Manager 状态正常: Manager 运行正常
[2026-02-08 11:10:07] 最后心跳时间: 2026-02-08T11:10:01.082406+08:00
[2026-02-08 11:10:07] 当前时间: 2026-02-08 11:10:07.650813+08:00, 时间差: 0:00:06.568407
[2026-02-08 11:10:07] Manager 运行正常
[2026-02-08 11:10:07] Manager 状态正常: Manager 运行正常
[2026-02-08 11:20:10] 最后心跳时间: 2026-02-08T11:20:06.427819+08:00
[2026-02-08 11:20:10] 当前时间: 2026-02-08 11:20:10.640754+08:00, 时间差: 0:00:04.212935
[2026-02-08 11:20:10] Manager 运行正常
[2026-02-08 11:20:10] Manager 状态正常: Manager 运行正常
[2026-02-08 11:40:24] 最后心跳时间: 2026-02-08T11:40:01.695346+08:00
[2026-02-08 11:40:24] 当前时间: 2026-02-08 11:40:24.481215+08:00, 时间差: 0:00:22.785869
[2026-02-08 11:40:24] Manager 运行正常
[2026-02-08 11:40:24] Manager 状态正常: Manager 运行正常
[2026-02-08 11:50:06] 最后心跳时间: 2026-02-08T11:50:01.893455+08:00
[2026-02-08 11:50:06] 当前时间: 2026-02-08 11:50:06.393251+08:00, 时间差: 0:00:04.499796
[2026-02-08 11:50:06] Manager 运行正常
[2026-02-08 11:50:06] Manager 状态正常: Manager 运行正常
[2026-02-08 12:10:07] 最后心跳时间: 2026-02-08T12:10:02.289215+08:00
[2026-02-08 12:10:07] 当前时间: 2026-02-08 12:10:07.530834+08:00, 时间差: 0:00:05.241619
[2026-02-08 12:10:07] Manager 运行正常
[2026-02-08 12:10:07] Manager 状态正常: Manager 运行正常
[2026-02-08 12:41:35] 最后心跳时间: 2026-02-08T12:41:02.904920+08:00
[2026-02-08 12:41:35] 当前时间: 2026-02-08 12:41:35.871560+08:00, 时间差: 0:00:32.966640
[2026-02-08 12:41:35] Manager 运行正常
[2026-02-08 12:41:35] Manager 状态正常: Manager 运行正常
[2026-02-08 13:00:07] 最后心跳时间: 2026-02-08T13:00:03.286272+08:00
[2026-02-08 13:00:07] 当前时间: 2026-02-08 13:00:07.020607+08:00, 时间差: 0:00:03.734335
[2026-02-08 13:00:07] Manager 运行正常
[2026-02-08 13:00:07] Manager 状态正常: Manager 运行正常
[2026-02-08 13:30:09] 最后心跳时间: 2026-02-08T13:30:03.869227+08:00
[2026-02-08 13:30:09] 当前时间: 2026-02-08 13:30:09.102904+08:00, 时间差: 0:00:05.233677
[2026-02-08 13:30:09] Manager 运行正常
[2026-02-08 13:30:09] Manager 状态正常: Manager 运行正常
[2026-02-08 13:40:07] 最后心跳时间: 2026-02-08T13:40:04.065883+08:00
[2026-02-08 13:40:07] 当前时间: 2026-02-08 13:40:07.184741+08:00, 时间差: 0:00:03.118858
[2026-02-08 13:40:07] Manager 运行正常
[2026-02-08 13:40:07] Manager 状态正常: Manager 运行正常
[2026-02-08 14:50:11] 最后心跳时间: 2026-02-08T14:50:05.429495+08:00
[2026-02-08 14:50:11] 当前时间: 2026-02-08 14:50:11.311775+08:00, 时间差: 0:00:05.882280
[2026-02-08 14:50:11] Manager 运行正常
[2026-02-08 14:50:11] Manager 状态正常: Manager 运行正常
[2026-02-08 15:30:07] 最后心跳时间: 2026-02-08T15:30:06.206037+08:00
[2026-02-08 15:30:07] 当前时间: 2026-02-08 15:30:07.312417+08:00, 时间差: 0:00:01.106380
[2026-02-08 15:30:07] Manager 运行正常
[2026-02-08 15:30:07] Manager 状态正常: Manager 运行正常
[2026-02-08 15:40:15] 最后心跳时间: 2026-02-08T15:40:06.409320+08:00
[2026-02-08 15:40:15] 当前时间: 2026-02-08 15:40:15.830913+08:00, 时间差: 0:00:09.421593
[2026-02-08 15:40:15] Manager 运行正常
[2026-02-08 15:40:15] Manager 状态正常: Manager 运行正常
[2026-02-08 16:10:12] 最后心跳时间: 2026-02-08T16:10:06.999085+08:00
[2026-02-08 16:10:12] 当前时间: 2026-02-08 16:10:12.223670+08:00, 时间差: 0:00:05.224585
[2026-02-08 16:10:12] Manager 运行正常
[2026-02-08 16:10:12] Manager 状态正常: Manager 运行正常
[2026-02-08 16:20:12] 最后心跳时间: 2026-02-08T16:20:07.481327+08:00
[2026-02-08 16:20:12] 当前时间: 2026-02-08 16:20:12.271722+08:00, 时间差: 0:00:04.790395
[2026-02-08 16:20:12] Manager 运行正常
[2026-02-08 16:20:12] Manager 状态正常: Manager 运行正常
[2026-02-08 16:30:13] 最后心跳时间: 2026-02-08T16:30:08.102100+08:00
[2026-02-08 16:30:13] 当前时间: 2026-02-08 16:30:13.494388+08:00, 时间差: 0:00:05.392288
[2026-02-08 16:30:13] Manager 运行正常
[2026-02-08 16:30:13] Manager 状态正常: Manager 运行正常
[2026-02-08 17:30:20] 最后心跳时间: 2026-02-08T17:30:08.563039+08:00
[2026-02-08 17:30:20] 当前时间: 2026-02-08 17:30:20.252953+08:00, 时间差: 0:00:11.689914
[2026-02-08 17:30:20] Manager 运行正常
[2026-02-08 17:30:20] Manager 状态正常: Manager 运行正常
[2026-02-08 18:00:08] 最后心跳时间: 2026-02-08T17:59:09.131426+08:00
[2026-02-08 18:00:08] 当前时间: 2026-02-08 18:00:08.604716+08:00, 时间差: 0:00:59.473290
[2026-02-08 18:00:08] Manager 运行正常
[2026-02-08 18:00:08] Manager 状态正常: Manager 运行正常
[2026-02-08 19:10:12] 最后心跳时间: 2026-02-08T19:10:10.526134+08:00
[2026-02-08 19:10:12] 当前时间: 2026-02-08 19:10:12.856268+08:00, 时间差: 0:00:02.330134
[2026-02-08 19:10:12] Manager 运行正常
[2026-02-08 19:10:12] Manager 状态正常: Manager 运行正常
[2026-02-08 19:30:08] 最后心跳时间: 2026-02-08T19:29:10.903851+08:00
[2026-02-08 19:30:08] 当前时间: 2026-02-08 19:30:08.886601+08:00, 时间差: 0:00:57.982750
[2026-02-08 19:30:08] Manager 运行正常
[2026-02-08 19:30:08] Manager 状态正常: Manager 运行正常
[2026-02-08 19:50:28] 强制重启模式
[2026-02-08 19:50:28] 正在重启 TTS Manager...
[2026-02-08 19:50:28] 启动新的 manager 进程...
[2026-02-08 19:50:28] TTS Manager 已重启
[2026-02-08 19:50:28] 强制重启结果: 成功
[2026-02-08 20:00:07] 最后心跳时间: 2026-02-08T19:59:28.459965+08:00
[2026-02-08 20:00:07] 当前时间: 2026-02-08 20:00:07.686423+08:00, 时间差: 0:00:39.226458
[2026-02-08 20:00:07] Manager 运行正常
[2026-02-08 20:00:07] Manager 状态正常: Manager 运行正常
[2026-02-08 21:00:14] 最后心跳时间: 2026-02-08T21:00:12.681890+08:00
[2026-02-08 21:00:14] 当前时间: 2026-02-08 21:00:14.530731+08:00, 时间差: 0:00:01.848841
[2026-02-08 21:00:14] Manager 运行正常
[2026-02-08 21:00:14] Manager 状态正常: Manager 运行正常
