2026-02-06 14:45:28,743 [INFO] __main__: TTS Manager 初始化完成
2026-02-06 14:45:28,743 [INFO] __main__: 状态文件: C:\Users\Administrator\.openclaw\workspace\papers\processed\pipeline_state.json
2026-02-06 14:45:28,743 [INFO] __main__: 检查间隔: 60 秒
2026-02-06 14:45:28,744 [INFO] __main__: TTS Manager 已启动,进入主循环...
2026-02-06 14:45:28,744 [INFO] __main__: 等待系统事件和定期检查...
2026-02-06 14:47:52,223 [INFO] __main__: TTS Manager 初始化完成
2026-02-06 14:47:52,224 [INFO] __main__: 状态文件: C:\Users\Administrator\.openclaw\workspace\papers\processed\pipeline_state.json
2026-02-06 14:47:52,224 [INFO] __main__: 检查间隔: 60 秒
2026-02-06 14:47:52,225 [INFO] __main__: 初始状态已保存
2026-02-06 14:47:52,225 [INFO] __main__: TTS Manager 已启动,进入主循环...
2026-02-06 14:47:52,225 [INFO] __main__: 等待系统事件和定期检查...
2026-02-06 14:48:44,871 [INFO] __main__: TTS Manager 初始化完成
2026-02-06 14:48:44,872 [INFO] __main__: 状态文件: C:\Users\Administrator\.openclaw\workspace\papers\processed\pipeline_state.json
2026-02-06 14:48:44,872 [INFO] __main__: 检查间隔: 60 秒
2026-02-06 14:48:44,875 [INFO] __main__: 初始状态已保存
2026-02-06 14:48:44,875 [INFO] __main__: TTS Manager 已启动,进入主循环...
2026-02-06 14:48:44,876 [INFO] __main__: 等待系统事件和定期检查...
2026-02-06 14:49:16,459 [INFO] __main__: TTS Manager 初始化完成
2026-02-06 14:49:16,459 [INFO] __main__: 状态文件: C:\Users\Administrator\.openclaw\workspace\papers\processed\pipeline_state.json
2026-02-06 14:49:16,460 [INFO] __main__: 检查间隔: 60 秒
2026-02-06 14:49:16,460 [INFO] __main__: 初始状态已保存
2026-02-06 14:49:16,460 [INFO] __main__: 执行健康检查...
2026-02-06 14:49:16,461 [ERROR] __main__: Manager 运行失败: can't subtract offset-naive and offset-aware datetimes
Traceback (most recent call last):
  File "C:\Users\Administrator\.openclaw\workspace\papers\scripts\tts_manager.py", line 418, in main
    report = manager.run_health_check()
             ^^^^^^^^^^^^^^^^^^^^^^^^^^
  File "C:\Users\Administrator\.openclaw\workspace\papers\scripts\tts_manager.py", line 267, in run_health_check
    "manager_uptime": str(datetime.utcnow() - datetime.fromisoformat(
                          ^^^^^^^^^^^^^^^^^^^^^^^^^^^^^^^^^^^^^^^^^^^
TypeError: can't subtract offset-naive and offset-aware datetimes
2026-02-06 14:49:46,982 [INFO] __main__: TTS Manager 初始化完成
2026-02-06 14:49:46,982 [INFO] __main__: 状态文件: C:\Users\Administrator\.openclaw\workspace\papers\processed\pipeline_state.json
2026-02-06 14:49:46,982 [INFO] __main__: 检查间隔: 60 秒
2026-02-06 14:49:46,983 [INFO] __main__: 初始状态已保存
2026-02-06 14:49:46,983 [INFO] __main__: TTS Manager 已启动,进入主循环...
2026-02-06 14:49:46,983 [INFO] __main__: 等待系统事件和定期检查...
2026-02-06 14:49:59,840 [INFO] __main__: TTS Manager 初始化完成
2026-02-06 14:49:59,840 [INFO] __main__: 状态文件: C:\Users\Administrator\.openclaw\workspace\papers\processed\pipeline_state.json
2026-02-06 14:49:59,840 [INFO] __main__: 检查间隔: 60 秒
2026-02-06 14:49:59,842 [INFO] __main__: 初始状态已保存
2026-02-06 14:49:59,842 [INFO] __main__: 执行健康检查...
2026-02-06 14:49:59,842 [ERROR] __main__: Manager 运行失败: 'gbk' codec can't encode character '\U0001f99e' in position 0: illegal multibyte sequence
Traceback (most recent call last):
  File "C:\Users\Administrator\.openclaw\workspace\papers\scripts\tts_manager.py", line 421, in main
    print(manager.format_health_report(report), flush=True)
UnicodeEncodeError: 'gbk' codec can't encode character '\U0001f99e' in position 0: illegal multibyte sequence
2026-02-06 14:50:35,895 [INFO] __main__: TTS Manager 初始化完成
2026-02-06 14:50:35,895 [INFO] __main__: 状态文件: C:\Users\Administrator\.openclaw\workspace\papers\processed\pipeline_state.json
2026-02-06 14:50:35,895 [INFO] __main__: 检查间隔: 60 秒
2026-02-06 14:50:35,898 [INFO] __main__: 初始状态已保存
2026-02-06 14:50:35,899 [INFO] __main__: TTS Manager 已启动,进入主循环...
2026-02-06 14:50:35,899 [INFO] __main__: 等待系统事件和定期检查...
2026-02-06 14:50:50,813 [INFO] __main__: TTS Manager 初始化完成
2026-02-06 14:50:50,813 [INFO] __main__: 状态文件: C:\Users\Administrator\.openclaw\workspace\papers\processed\pipeline_state.json
2026-02-06 14:50:50,813 [INFO] __main__: 检查间隔: 60 秒
2026-02-06 14:50:50,814 [INFO] __main__: 初始状态已保存
2026-02-06 14:50:50,814 [INFO] __main__: 执行健康检查...
2026-02-06 14:50:56,991 [INFO] __main__: TTS Manager 初始化完成
2026-02-06 14:50:56,991 [INFO] __main__: 状态文件: C:\Users\Administrator\.openclaw\workspace\papers\processed\pipeline_state.json
2026-02-06 14:50:56,991 [INFO] __main__: 检查间隔: 60 秒
2026-02-06 14:50:56,991 [INFO] __main__: 初始状态已保存
2026-02-06 14:50:56,991 [ERROR] __main__: Manager 运行失败: TaskRecord.__init__() missing 2 required positional arguments: 'last_run' and 'last_duration'
Traceback (most recent call last):
  File "C:\Users\Administrator\.openclaw\workspace\papers\scripts\tts_manager.py", line 415, in main
    manager.state_manager.update_task(task_name, TaskStatus(status), duration, error)
  File "C:\Users\Administrator\.openclaw\workspace\papers\scripts\tts_manager.py", line 141, in update_task
    task = self.state.tasks.get(task_name, TaskRecord(name=task_name, last_status=TaskStatus.UNKNOWN.value))
                                           ^^^^^^^^^^^^^^^^^^^^^^^^^^^^^^^^^^^^^^^^^^^^^^^^^^^^^^^^^^^^^^^^
TypeError: TaskRecord.__init__() missing 2 required positional arguments: 'last_run' and 'last_duration'
2026-02-06 14:51:32,646 [INFO] __main__: TTS Manager 初始化完成
2026-02-06 14:51:32,646 [INFO] __main__: 状态文件: C:\Users\Administrator\.openclaw\workspace\papers\processed\pipeline_state.json
2026-02-06 14:51:32,647 [INFO] __main__: 检查间隔: 60 秒
2026-02-06 14:51:32,647 [INFO] __main__: 初始状态已保存
2026-02-06 14:51:32,647 [INFO] __main__: TTS Manager 已启动,进入主循环...
2026-02-06 14:51:32,648 [INFO] __main__: 等待系统事件和定期检查...
2026-02-06 14:51:46,233 [INFO] __main__: TTS Manager 初始化完成
2026-02-06 14:51:46,233 [INFO] __main__: 状态文件: C:\Users\Administrator\.openclaw\workspace\papers\processed\pipeline_state.json
2026-02-06 14:51:46,233 [INFO] __main__: 检查间隔: 60 秒
2026-02-06 14:51:46,234 [INFO] __main__: 初始状态已保存
2026-02-06 14:55:56,815 [INFO] __main__: TTS Manager 初始化完成
2026-02-06 14:55:56,815 [INFO] __main__: 状态文件: C:\Users\Administrator\.openclaw\workspace\papers\processed\pipeline_state.json
2026-02-06 14:55:56,816 [INFO] __main__: 检查间隔: 60 秒
2026-02-06 14:55:56,819 [INFO] __main__: 初始状态已保存
2026-02-06 14:55:56,894 [INFO] __main__: TTS Manager 初始化完成
2026-02-06 14:55:56,894 [INFO] __main__: 状态文件: C:\Users\Administrator\.openclaw\workspace\papers\processed\pipeline_state.json
2026-02-06 14:55:56,894 [INFO] __main__: 检查间隔: 60 秒
2026-02-06 14:55:56,894 [INFO] __main__: 初始状态已保存
2026-02-06 14:56:09,113 [INFO] __main__: TTS Manager 初始化完成
2026-02-06 14:56:09,113 [INFO] __main__: 状态文件: C:\Users\Administrator\.openclaw\workspace\papers\processed\pipeline_state.json
2026-02-06 14:56:09,113 [INFO] __main__: 检查间隔: 60 秒
2026-02-06 14:56:09,114 [INFO] __main__: 初始状态已保存
2026-02-06 14:56:09,114 [INFO] __main__: 执行健康检查...
2026-02-06 14:59:00,484 [INFO] __main__: TTS Manager 初始化完成
2026-02-06 14:59:00,484 [INFO] __main__: 状态文件: C:\Users\Administrator\.openclaw\workspace\papers\processed\pipeline_state.json
2026-02-06 14:59:00,484 [INFO] __main__: 检查间隔: 60 秒
2026-02-06 14:59:00,488 [INFO] __main__: 初始状态已保存
2026-02-06 14:59:00,488 [INFO] __main__: 执行健康检查...
2026-02-06 15:01:36,594 [INFO] __main__: TTS Manager 初始化完成
2026-02-06 15:01:36,594 [INFO] __main__: 状态文件: C:\Users\Administrator\.openclaw\workspace\papers\processed\pipeline_state.json
2026-02-06 15:01:36,594 [INFO] __main__: 检查间隔: 60 秒
2026-02-06 15:01:36,597 [INFO] __main__: 初始状态已保存
2026-02-06 15:01:36,597 [INFO] __main__: TTS Manager 已启动,进入主循环...
2026-02-06 15:01:36,597 [INFO] __main__: 等待系统事件和定期检查...
2026-02-06 15:03:02,512 [INFO] __main__: TTS Manager 初始化完成
2026-02-06 15:03:02,512 [INFO] __main__: 状态文件: C:\Users\Administrator\.openclaw\workspace\papers\processed\pipeline_state.json
2026-02-06 15:03:02,512 [INFO] __main__: 检查间隔: 60 秒
2026-02-06 15:03:02,513 [INFO] __main__: 初始状态已保存
2026-02-06 15:03:02,513 [INFO] __main__: TTS Manager 已启动,进入主循环...
2026-02-06 15:03:02,513 [INFO] __main__: 等待系统事件和定期检查...
2026-02-06 15:06:15,009 [INFO] __main__: TTS Manager 初始化完成
2026-02-06 15:06:15,009 [INFO] __main__: 状态文件: C:\Users\Administrator\.openclaw\workspace\papers\processed\pipeline_state.json
2026-02-06 15:06:15,010 [INFO] __main__: 检查间隔: 60 秒
2026-02-06 15:06:15,012 [INFO] __main__: 初始状态已保存
2026-02-06 15:06:15,013 [INFO] __main__: 执行健康检查...
2026-02-06 15:10:31,901 [INFO] __main__: TTS Manager 初始化完成
2026-02-06 15:10:31,901 [INFO] __main__: 状态文件: C:\Users\Administrator\.openclaw\workspace\papers\processed\pipeline_state.json
2026-02-06 15:10:31,902 [INFO] __main__: 检查间隔: 60 秒
2026-02-06 15:10:31,904 [INFO] __main__: 初始状态已保存
2026-02-06 15:10:31,904 [INFO] __main__: 执行健康检查...
2026-02-06 15:20:22,279 [INFO] __main__: TTS Manager 初始化完成
2026-02-06 15:20:22,280 [INFO] __main__: 状态文件: C:\Users\Administrator\.openclaw\workspace\papers\processed\pipeline_state.json
2026-02-06 15:20:22,280 [INFO] __main__: 检查间隔: 60 秒
2026-02-06 15:20:22,284 [INFO] __main__: 初始状态已保存
2026-02-06 15:20:22,284 [INFO] __main__: 执行健康检查...
2026-02-06 15:20:27,221 [INFO] __main__: TTS Manager 初始化完成
2026-02-06 15:20:27,221 [INFO] __main__: 状态文件: C:\Users\Administrator\.openclaw\workspace\papers\processed\pipeline_state.json
2026-02-06 15:20:27,221 [INFO] __main__: 检查间隔: 60 秒
2026-02-06 15:20:27,222 [INFO] __main__: 初始状态已保存
2026-02-06 15:20:54,395 [INFO] __main__: TTS Manager 初始化完成
2026-02-06 15:20:54,395 [INFO] __main__: 状态文件: C:\Users\Administrator\.openclaw\workspace\papers\processed\pipeline_state.json
2026-02-06 15:20:54,395 [INFO] __main__: 检查间隔: 60 秒
2026-02-06 15:20:54,398 [INFO] __main__: 初始状态已保存
2026-02-06 15:20:54,398 [INFO] __main__: TTS Manager 已启动,进入主循环...
2026-02-06 15:20:54,398 [INFO] __main__: 等待系统事件和定期检查...
2026-02-06 15:30:13,785 [INFO] __main__: TTS Manager 初始化完成
2026-02-06 15:30:13,786 [INFO] __main__: 状态文件: C:\Users\Administrator\.openclaw\workspace\papers\processed\pipeline_state.json
2026-02-06 15:30:13,786 [INFO] __main__: 检查间隔: 60 秒
2026-02-06 15:30:13,790 [INFO] __main__: 初始状态已保存
2026-02-06 15:30:13,790 [INFO] __main__: TTS Manager 已启动,进入主循环...
2026-02-06 15:30:13,790 [INFO] __main__: 等待系统事件和定期检查...
2026-02-06 15:32:09,218 [INFO] __main__: TTS Manager 初始化完成
2026-02-06 15:32:09,218 [INFO] __main__: 状态文件: C:\Users\Administrator\.openclaw\workspace\papers\processed\pipeline_state.json
2026-02-06 15:32:09,218 [INFO] __main__: 检查间隔: 60 秒
2026-02-06 15:32:09,219 [INFO] __main__: 初始状态已保存
2026-02-06 15:32:09,219 [INFO] __main__: TTS Manager 已启动,进入主循环...
2026-02-06 15:32:09,219 [INFO] __main__: 等待系统事件和定期检查...
2026-02-06 15:32:23,083 [INFO] __main__: TTS Manager 初始化完成
2026-02-06 15:32:23,083 [INFO] __main__: 状态文件: C:\Users\Administrator\.openclaw\workspace\papers\processed\pipeline_state.json
2026-02-06 15:32:23,083 [INFO] __main__: 检查间隔: 60 秒
2026-02-06 15:32:23,084 [INFO] __main__: 初始状态已保存
2026-02-06 15:32:23,084 [INFO] __main__: 执行健康检查...
2026-02-06 15:34:24,683 [INFO] __main__: TTS Manager 初始化完成
2026-02-06 15:34:24,683 [INFO] __main__: 状态文件: C:\Users\Administrator\.openclaw\workspace\papers\processed\pipeline_state.json
2026-02-06 15:34:24,683 [INFO] __main__: 检查间隔: 60 秒
2026-02-06 15:34:24,687 [INFO] __main__: 初始状态已保存
2026-02-06 15:34:24,687 [INFO] __main__: 执行健康检查...
2026-02-06 15:38:02,046 [INFO] __main__: TTS Manager 初始化完成
2026-02-06 15:38:02,046 [INFO] __main__: 状态文件: C:\Users\Administrator\.openclaw\workspace\papers\processed\pipeline_state.json
2026-02-06 15:38:02,046 [INFO] __main__: 检查间隔: 60 秒
2026-02-06 15:38:02,049 [INFO] __main__: 初始状态已保存
2026-02-06 15:38:02,049 [INFO] __main__: 执行健康检查...
2026-02-06 15:50:07,046 [INFO] __main__: TTS Manager 初始化完成
2026-02-06 15:50:07,046 [INFO] __main__: 状态文件: C:\Users\Administrator\.openclaw\workspace\papers\processed\pipeline_state.json
2026-02-06 15:50:07,046 [INFO] __main__: 检查间隔: 60 秒
2026-02-06 15:50:07,049 [INFO] __main__: 初始状态已保存
2026-02-06 15:50:07,049 [INFO] __main__: 执行健康检查...
2026-02-06 16:00:22,498 [INFO] __main__: TTS Manager 初始化完成
2026-02-06 16:00:22,500 [INFO] __main__: 状态文件: C:\Users\Administrator\.openclaw\workspace\papers\processed\pipeline_state.json
2026-02-06 16:00:22,500 [INFO] __main__: 检查间隔: 60 秒
2026-02-06 16:00:22,503 [INFO] __main__: 初始状态已保存
2026-02-06 16:00:22,503 [INFO] __main__: TTS Manager 已启动,进入主循环...
2026-02-06 16:00:22,503 [INFO] __main__: 等待系统事件和定期检查...
2026-02-06 16:10:07,705 [INFO] __main__: TTS Manager 初始化完成
2026-02-06 16:10:07,705 [INFO] __main__: 状态文件: C:\Users\Administrator\.openclaw\workspace\papers\processed\pipeline_state.json
2026-02-06 16:10:07,705 [INFO] __main__: 检查间隔: 60 秒
2026-02-06 16:10:07,706 [INFO] __main__: 初始状态已保存
2026-02-06 16:10:07,706 [INFO] __main__: 执行健康检查...
2026-02-06 16:20:09,345 [INFO] __main__: TTS Manager 初始化完成
2026-02-06 16:20:09,345 [INFO] __main__: 状态文件: C:\Users\Administrator\.openclaw\workspace\papers\processed\pipeline_state.json
2026-02-06 16:20:09,346 [INFO] __main__: 检查间隔: 60 秒
2026-02-06 16:20:09,346 [INFO] __main__: 初始状态已保存
2026-02-06 16:20:09,346 [INFO] __main__: TTS Manager 已启动,进入主循环...
2026-02-06 16:20:09,346 [INFO] __main__: 等待系统事件和定期检查...
2026-02-06 16:30:07,909 [INFO] __main__: TTS Manager 初始化完成
2026-02-06 16:30:07,909 [INFO] __main__: 状态文件: C:\Users\Administrator\.openclaw\workspace\papers\processed\pipeline_state.json
2026-02-06 16:30:07,909 [INFO] __main__: 检查间隔: 60 秒
2026-02-06 16:30:07,910 [INFO] __main__: 初始状态已保存
2026-02-06 16:30:07,910 [INFO] __main__: TTS Manager 已启动,进入主循环...
2026-02-06 16:30:07,911 [INFO] __main__: 等待系统事件和定期检查...
2026-02-06 16:40:07,113 [INFO] __main__: TTS Manager 初始化完成
2026-02-06 16:40:07,113 [INFO] __main__: 状态文件: C:\Users\Administrator\.openclaw\workspace\papers\processed\pipeline_state.json
2026-02-06 16:40:07,113 [INFO] __main__: 检查间隔: 60 秒
2026-02-06 16:40:07,114 [INFO] __main__: 初始状态已保存
2026-02-06 16:40:07,114 [INFO] __main__: TTS Manager 已启动,进入主循环...
2026-02-06 16:40:07,114 [INFO] __main__: 等待系统事件和定期检查...
2026-02-06 16:50:20,923 [INFO] __main__: TTS Manager 初始化完成
2026-02-06 16:50:20,923 [INFO] __main__: 状态文件: C:\Users\Administrator\.openclaw\workspace\papers\processed\pipeline_state.json
2026-02-06 16:50:20,923 [INFO] __main__: 检查间隔: 60 秒
2026-02-06 16:50:20,924 [INFO] __main__: 初始状态已保存
2026-02-06 16:50:20,924 [INFO] __main__: TTS Manager 已启动,进入主循环...
2026-02-06 16:50:20,924 [INFO] __main__: 等待系统事件和定期检查...
2026-02-06 16:52:41,953 [INFO] __main__: TTS Manager 初始化完成
2026-02-06 16:52:41,953 [INFO] __main__: 状态文件: C:\Users\Administrator\.openclaw\workspace\papers\processed\pipeline_state.json
2026-02-06 16:52:41,953 [INFO] __main__: 检查间隔: 60 秒
2026-02-06 16:52:41,954 [INFO] __main__: 初始状态已保存
2026-02-06 16:52:41,954 [INFO] __main__: 执行健康检查...
2026-02-06 17:00:22,336 [INFO] __main__: TTS Manager 初始化完成
2026-02-06 17:00:22,337 [INFO] __main__: 状态文件: C:\Users\Administrator\.openclaw\workspace\papers\processed\pipeline_state.json
2026-02-06 17:00:22,337 [INFO] __main__: 检查间隔: 60 秒
2026-02-06 17:00:22,337 [INFO] __main__: 初始状态已保存
2026-02-06 17:00:22,338 [INFO] __main__: TTS Manager 已启动,进入主循环...
2026-02-06 17:00:22,338 [INFO] __main__: 等待系统事件和定期检查...
2026-02-06 17:03:23,821 [INFO] __main__: TTS Manager 初始化完成
2026-02-06 17:03:23,822 [INFO] __main__: 状态文件: C:\Users\Administrator\.openclaw\workspace\papers\processed\pipeline_state.json
2026-02-06 17:03:23,822 [INFO] __main__: 检查间隔: 60 秒
2026-02-06 17:03:23,823 [INFO] __main__: 初始状态已保存
2026-02-06 17:03:23,823 [INFO] __main__: TTS Manager 已启动,进入主循环...
2026-02-06 17:03:23,823 [INFO] __main__: 等待系统事件和定期检查...
2026-02-06 17:03:54,281 [INFO] __main__: TTS Manager 初始化完成
2026-02-06 17:03:54,281 [INFO] __main__: 状态文件: C:\Users\Administrator\.openclaw\workspace\papers\processed\pipeline_state.json
2026-02-06 17:03:54,281 [INFO] __main__: 检查间隔: 60 秒
2026-02-06 17:03:54,282 [INFO] __main__: 初始状态已保存
2026-02-06 17:03:54,282 [INFO] __main__: 执行健康检查...
2026-02-06 17:10:09,084 [INFO] __main__: TTS Manager 初始化完成
2026-02-06 17:10:09,085 [INFO] __main__: 状态文件: C:\Users\Administrator\.openclaw\workspace\papers\processed\pipeline_state.json
2026-02-06 17:10:09,085 [INFO] __main__: 检查间隔: 60 秒
2026-02-06 17:10:09,085 [INFO] __main__: 初始状态已保存
2026-02-06 17:10:09,085 [INFO] __main__: 执行健康检查...
2026-02-06 17:50:12,246 [INFO] __main__: TTS Manager 初始化完成
2026-02-06 17:50:12,246 [INFO] __main__: 状态文件: C:\Users\Administrator\.openclaw\workspace\papers\processed\pipeline_state.json
2026-02-06 17:50:12,246 [INFO] __main__: 检查间隔: 60 秒
2026-02-06 17:50:12,249 [INFO] __main__: 初始状态已保存
2026-02-06 17:50:12,249 [INFO] __main__: TTS Manager 已启动,进入主循环...
2026-02-06 17:50:12,249 [INFO] __main__: 等待系统事件和定期检查...
2026-02-06 18:10:08,838 [INFO] __main__: TTS Manager 初始化完成
2026-02-06 18:10:08,838 [INFO] __main__: 状态文件: C:\Users\Administrator\.openclaw\workspace\papers\processed\pipeline_state.json
2026-02-06 18:10:08,839 [INFO] __main__: 检查间隔: 60 秒
2026-02-06 18:10:08,839 [INFO] __main__: 初始状态已保存
2026-02-06 18:10:08,839 [INFO] __main__: 执行健康检查...
2026-02-06 18:10:23,983 [INFO] __main__: TTS Manager 初始化完成
2026-02-06 18:10:23,984 [INFO] __main__: 状态文件: C:\Users\Administrator\.openclaw\workspace\papers\processed\pipeline_state.json
2026-02-06 18:10:23,984 [INFO] __main__: 检查间隔: 60 秒
2026-02-06 18:10:23,984 [INFO] __main__: 初始状态已保存
2026-02-06 18:20:11,873 [INFO] __main__: TTS Manager 初始化完成
2026-02-06 18:20:11,873 [INFO] __main__: 状态文件: C:\Users\Administrator\.openclaw\workspace\papers\processed\pipeline_state.json
2026-02-06 18:20:11,873 [INFO] __main__: 检查间隔: 60 秒
2026-02-06 18:20:11,874 [INFO] __main__: 初始状态已保存
2026-02-06 18:20:11,874 [INFO] __main__: 执行健康检查...
2026-02-06 18:30:06,554 [INFO] __main__: TTS Manager 初始化完成
2026-02-06 18:30:06,554 [INFO] __main__: 状态文件: C:\Users\Administrator\.openclaw\workspace\papers\processed\pipeline_state.json
2026-02-06 18:30:06,554 [INFO] __main__: 检查间隔: 60 秒
2026-02-06 18:30:06,555 [INFO] __main__: 初始状态已保存
2026-02-06 18:30:06,555 [INFO] __main__: 执行健康检查...
2026-02-06 19:10:06,380 [INFO] __main__: TTS Manager 初始化完成
2026-02-06 19:10:06,381 [INFO] __main__: 状态文件: C:\Users\Administrator\.openclaw\workspace\papers\processed\pipeline_state.json
2026-02-06 19:10:06,381 [INFO] __main__: 检查间隔: 60 秒
2026-02-06 19:10:06,382 [INFO] __main__: 初始状态已保存
2026-02-06 19:10:06,382 [INFO] __main__: 执行健康检查...
2026-02-06 19:20:06,317 [INFO] __main__: TTS Manager 初始化完成
2026-02-06 19:20:06,318 [INFO] __main__: 状态文件: C:\Users\Administrator\.openclaw\workspace\papers\processed\pipeline_state.json
2026-02-06 19:20:06,318 [INFO] __main__: 检查间隔: 60 秒
2026-02-06 19:20:06,319 [INFO] __main__: 初始状态已保存
2026-02-06 19:20:06,319 [INFO] __main__: 执行健康检查...
2026-02-06 19:30:07,392 [INFO] __main__: TTS Manager 初始化完成
2026-02-06 19:30:07,393 [INFO] __main__: 状态文件: C:\Users\Administrator\.openclaw\workspace\papers\processed\pipeline_state.json
2026-02-06 19:30:07,393 [INFO] __main__: 检查间隔: 60 秒
2026-02-06 19:30:07,394 [INFO] __main__: 初始状态已保存
2026-02-06 19:30:07,394 [INFO] __main__: 执行健康检查...
2026-02-06 20:10:10,574 [INFO] __main__: TTS Manager 初始化完成
2026-02-06 20:10:10,574 [INFO] __main__: 状态文件: C:\Users\Administrator\.openclaw\workspace\papers\processed\pipeline_state.json
2026-02-06 20:10:10,575 [INFO] __main__: 检查间隔: 60 秒
2026-02-06 20:10:10,576 [INFO] __main__: 初始状态已保存
2026-02-06 20:10:10,576 [INFO] __main__: 执行健康检查...
2026-02-06 20:40:06,594 [INFO] __main__: TTS Manager 初始化完成
2026-02-06 20:40:06,595 [INFO] __main__: 状态文件: C:\Users\Administrator\.openclaw\workspace\papers\processed\pipeline_state.json
2026-02-06 20:40:06,595 [INFO] __main__: 检查间隔: 60 秒
2026-02-06 20:40:06,596 [INFO] __main__: 初始状态已保存
2026-02-06 20:40:06,596 [INFO] __main__: 执行健康检查...
2026-02-06 20:50:20,839 [INFO] __main__: TTS Manager 初始化完成
2026-02-06 20:50:20,840 [INFO] __main__: 状态文件: C:\Users\Administrator\.openclaw\workspace\papers\processed\pipeline_state.json
2026-02-06 20:50:20,840 [INFO] __main__: 检查间隔: 60 秒
2026-02-06 20:50:20,840 [INFO] __main__: 初始状态已保存
2026-02-06 20:50:20,840 [INFO] __main__: 执行健康检查...
2026-02-06 21:00:28,152 [INFO] __main__: TTS Manager 初始化完成
2026-02-06 21:00:28,153 [INFO] __main__: 状态文件: C:\Users\Administrator\.openclaw\workspace\papers\processed\pipeline_state.json
2026-02-06 21:00:28,153 [INFO] __main__: 检查间隔: 60 秒
2026-02-06 21:00:28,153 [INFO] __main__: 初始状态已保存
2026-02-06 21:00:28,153 [INFO] __main__: 执行健康检查...
2026-02-06 23:00:12,001 [INFO] __main__: TTS Manager 初始化完成
2026-02-06 23:00:12,001 [INFO] __main__: 状态文件: C:\Users\Administrator\.openclaw\workspace\papers\processed\pipeline_state.json
2026-02-06 23:00:12,001 [INFO] __main__: 检查间隔: 60 秒
2026-02-06 23:00:12,004 [INFO] __main__: 初始状态已保存
2026-02-06 23:00:12,004 [INFO] __main__: 执行健康检查...
2026-02-06 23:10:08,602 [INFO] __main__: TTS Manager 初始化完成
2026-02-06 23:10:08,602 [INFO] __main__: 状态文件: C:\Users\Administrator\.openclaw\workspace\papers\processed\pipeline_state.json
2026-02-06 23:10:08,602 [INFO] __main__: 检查间隔: 60 秒
2026-02-06 23:10:08,605 [INFO] __main__: 初始状态已保存
2026-02-06 23:10:08,605 [INFO] __main__: 执行健康检查...
2026-02-06 23:20:29,746 [INFO] __main__: TTS Manager 初始化完成
2026-02-06 23:20:29,746 [INFO] __main__: 状态文件: C:\Users\Administrator\.openclaw\workspace\papers\processed\pipeline_state.json
2026-02-06 23:20:29,746 [INFO] __main__: 检查间隔: 60 秒
2026-02-06 23:20:29,748 [INFO] __main__: 初始状态已保存
2026-02-06 23:20:29,749 [INFO] __main__: 执行健康检查...
2026-02-06 23:40:07,411 [INFO] __main__: TTS Manager 初始化完成
2026-02-06 23:40:07,411 [INFO] __main__: 状态文件: C:\Users\Administrator\.openclaw\workspace\papers\processed\pipeline_state.json
2026-02-06 23:40:07,411 [INFO] __main__: 检查间隔: 60 秒
2026-02-06 23:40:07,414 [INFO] __main__: 初始状态已保存
2026-02-06 23:40:07,414 [INFO] __main__: 执行健康检查...
2026-02-06 23:50:08,462 [INFO] __main__: TTS Manager 初始化完成
2026-02-06 23:50:08,462 [INFO] __main__: 状态文件: C:\Users\Administrator\.openclaw\workspace\papers\processed\pipeline_state.json
2026-02-06 23:50:08,462 [INFO] __main__: 检查间隔: 60 秒
2026-02-06 23:50:08,465 [INFO] __main__: 初始状态已保存
2026-02-06 23:50:08,465 [INFO] __main__: 执行健康检查...
2026-02-07 00:00:10,641 [INFO] __main__: TTS Manager 初始化完成
2026-02-07 00:00:10,641 [INFO] __main__: 状态文件: C:\Users\Administrator\.openclaw\workspace\papers\processed\pipeline_state.json
2026-02-07 00:00:10,641 [INFO] __main__: 检查间隔: 60 秒
2026-02-07 00:00:10,644 [INFO] __main__: 初始状态已保存
2026-02-07 00:00:10,644 [INFO] __main__: 执行健康检查...
2026-02-07 00:12:04,912 [INFO] __main__: TTS Manager 初始化完成
2026-02-07 00:12:04,912 [INFO] __main__: 状态文件: C:\Users\Administrator\.openclaw\workspace\papers\processed\pipeline_state.json
2026-02-07 00:12:04,912 [INFO] __main__: 检查间隔: 60 秒
2026-02-07 00:12:04,915 [INFO] __main__: 初始状态已保存
2026-02-07 00:12:04,915 [INFO] __main__: 执行健康检查...
2026-02-07 00:20:10,918 [INFO] __main__: TTS Manager 初始化完成
2026-02-07 00:20:10,918 [INFO] __main__: 状态文件: C:\Users\Administrator\.openclaw\workspace\papers\processed\pipeline_state.json
2026-02-07 00:20:10,918 [INFO] __main__: 检查间隔: 60 秒
2026-02-07 00:20:10,921 [INFO] __main__: 初始状态已保存
2026-02-07 00:20:10,921 [INFO] __main__: 执行健康检查...
2026-02-07 00:20:59,533 [INFO] __main__: TTS Manager 初始化完成
2026-02-07 00:20:59,533 [INFO] __main__: 状态文件: C:\Users\Administrator\.openclaw\workspace\papers\processed\pipeline_state.json
2026-02-07 00:20:59,533 [INFO] __main__: 检查间隔: 60 秒
2026-02-07 00:20:59,537 [INFO] __main__: 初始状态已保存
2026-02-07 00:20:59,537 [INFO] __main__: 执行健康检查...
2026-02-07 00:21:13,262 [INFO] __main__: TTS Manager 初始化完成
2026-02-07 00:21:13,262 [INFO] __main__: 状态文件: C:\Users\Administrator\.openclaw\workspace\papers\processed\pipeline_state.json
2026-02-07 00:21:13,262 [INFO] __main__: 检查间隔: 60 秒
2026-02-07 00:21:13,263 [INFO] __main__: 初始状态已保存
2026-02-07 00:21:13,263 [INFO] __main__: 执行健康检查...
2026-02-07 00:31:23,640 [INFO] __main__: TTS Manager 初始化完成
2026-02-07 00:31:23,640 [INFO] __main__: 状态文件: C:\Users\Administrator\.openclaw\workspace\papers\processed\pipeline_state.json
2026-02-07 00:31:23,640 [INFO] __main__: 检查间隔: 60 秒
2026-02-07 00:31:23,643 [INFO] __main__: 初始状态已保存
2026-02-07 00:31:24,050 [INFO] __main__: TTS Manager 初始化完成
2026-02-07 00:31:24,050 [INFO] __main__: 状态文件: C:\Users\Administrator\.openclaw\workspace\papers\processed\pipeline_state.json
2026-02-07 00:31:24,050 [INFO] __main__: 检查间隔: 60 秒
2026-02-07 00:31:24,050 [INFO] __main__: 初始状态已保存
2026-02-07 00:31:29,232 [INFO] __main__: TTS Manager 初始化完成
2026-02-07 00:31:29,232 [INFO] __main__: 状态文件: C:\Users\Administrator\.openclaw\workspace\papers\processed\pipeline_state.json
2026-02-07 00:31:29,232 [INFO] __main__: 检查间隔: 60 秒
2026-02-07 00:31:29,233 [INFO] __main__: 初始状态已保存
2026-02-07 00:31:29,233 [INFO] __main__: 执行健康检查...
2026-02-07 00:31:56,623 [INFO] __main__: TTS Manager 初始化完成
2026-02-07 00:31:56,623 [INFO] __main__: 状态文件: C:\Users\Administrator\.openclaw\workspace\papers\processed\pipeline_state.json
2026-02-07 00:31:56,623 [INFO] __main__: 检查间隔: 60 秒
2026-02-07 00:31:56,625 [INFO] __main__: 初始状态已保存
2026-02-07 00:31:56,625 [INFO] __main__: 执行健康检查...
2026-02-07 00:40:12,023 [INFO] __main__: TTS Manager 初始化完成
2026-02-07 00:40:12,023 [INFO] __main__: 状态文件: C:\Users\Administrator\.openclaw\workspace\papers\processed\pipeline_state.json
2026-02-07 00:40:12,024 [INFO] __main__: 检查间隔: 60 秒
2026-02-07 00:40:12,026 [INFO] __main__: 初始状态已保存
2026-02-07 00:40:12,027 [INFO] __main__: 执行健康检查...
2026-02-07 00:50:08,503 [INFO] __main__: TTS Manager 初始化完成
2026-02-07 00:50:08,504 [INFO] __main__: 状态文件: C:\Users\Administrator\.openclaw\workspace\papers\processed\pipeline_state.json
2026-02-07 00:50:08,504 [INFO] __main__: 检查间隔: 60 秒
2026-02-07 00:50:08,507 [INFO] __main__: 初始状态已保存
2026-02-07 00:50:08,507 [INFO] __main__: 执行健康检查...
2026-02-07 01:00:08,645 [INFO] __main__: TTS Manager 初始化完成
2026-02-07 01:00:08,645 [INFO] __main__: 状态文件: C:\Users\Administrator\.openclaw\workspace\papers\processed\pipeline_state.json
2026-02-07 01:00:08,645 [INFO] __main__: 检查间隔: 60 秒
2026-02-07 01:00:08,648 [INFO] __main__: 初始状态已保存
2026-02-07 01:00:08,648 [INFO] __main__: 执行健康检查...
2026-02-07 01:03:05,921 [INFO] __main__: TTS Manager 初始化完成
2026-02-07 01:03:05,921 [INFO] __main__: 状态文件: C:\Users\Administrator\.openclaw\workspace\papers\processed\pipeline_state.json
2026-02-07 01:03:05,921 [INFO] __main__: 检查间隔: 60 秒
2026-02-07 01:03:05,924 [INFO] __main__: 初始状态已保存
2026-02-07 01:03:05,924 [INFO] __main__: 执行健康检查...
2026-02-07 01:03:14,408 [INFO] __main__: TTS Manager 初始化完成
2026-02-07 01:03:14,408 [INFO] __main__: 状态文件: C:\Users\Administrator\.openclaw\workspace\papers\processed\pipeline_state.json
2026-02-07 01:03:14,408 [INFO] __main__: 检查间隔: 60 秒
2026-02-07 01:03:14,408 [INFO] __main__: 初始状态已保存
2026-02-07 01:03:20,130 [INFO] __main__: TTS Manager 初始化完成
2026-02-07 01:03:20,130 [INFO] __main__: 状态文件: C:\Users\Administrator\.openclaw\workspace\papers\processed\pipeline_state.json
2026-02-07 01:03:20,130 [INFO] __main__: 检查间隔: 60 秒
2026-02-07 01:03:20,130 [INFO] __main__: 初始状态已保存
2026-02-07 01:07:53,496 [INFO] __main__: TTS Manager 初始化完成
2026-02-07 01:07:53,496 [INFO] __main__: 状态文件: C:\Users\Administrator\.openclaw\workspace\papers\processed\pipeline_state.json
2026-02-07 01:07:53,496 [INFO] __main__: 检查间隔: 60 秒
2026-02-07 01:07:53,500 [INFO] __main__: 初始状态已保存
2026-02-07 01:10:53,422 [INFO] __main__: TTS Manager 初始化完成
2026-02-07 01:10:53,422 [INFO] __main__: 状态文件: C:\Users\Administrator\.openclaw\workspace\papers\processed\pipeline_state.json
2026-02-07 01:10:53,422 [INFO] __main__: 检查间隔: 60 秒
2026-02-07 01:10:53,425 [INFO] __main__: 初始状态已保存
2026-02-07 01:10:53,425 [INFO] __main__: 执行健康检查...
2026-02-07 01:11:22,540 [INFO] __main__: TTS Manager 初始化完成
2026-02-07 01:11:22,540 [INFO] __main__: 状态文件: C:\Users\Administrator\.openclaw\workspace\papers\processed\pipeline_state.json
2026-02-07 01:11:22,540 [INFO] __main__: 检查间隔: 60 秒
2026-02-07 01:11:22,541 [INFO] __main__: 初始状态已保存
2026-02-07 01:11:22,760 [INFO] __main__: TTS Manager 初始化完成
2026-02-07 01:11:22,760 [INFO] __main__: 状态文件: C:\Users\Administrator\.openclaw\workspace\papers\processed\pipeline_state.json
2026-02-07 01:11:22,760 [INFO] __main__: 检查间隔: 60 秒
2026-02-07 01:11:22,764 [INFO] __main__: 初始状态已保存
2026-02-07 01:11:37,155 [INFO] __main__: TTS Manager 初始化完成
2026-02-07 01:11:37,155 [INFO] __main__: 状态文件: C:\Users\Administrator\.openclaw\workspace\papers\processed\pipeline_state.json
2026-02-07 01:11:37,155 [INFO] __main__: 检查间隔: 60 秒
2026-02-07 01:11:37,156 [INFO] __main__: 初始状态已保存
2026-02-07 01:11:37,156 [INFO] __main__: 执行健康检查...
2026-02-07 01:11:53,308 [INFO] __main__: TTS Manager 初始化完成
2026-02-07 01:11:53,308 [INFO] __main__: 状态文件: C:\Users\Administrator\.openclaw\workspace\papers\processed\pipeline_state.json
2026-02-07 01:11:53,308 [INFO] __main__: 检查间隔: 60 秒
2026-02-07 01:11:53,308 [INFO] __main__: 初始状态已保存
2026-02-07 01:11:53,720 [INFO] __main__: TTS Manager 初始化完成
2026-02-07 01:11:53,720 [INFO] __main__: 状态文件: C:\Users\Administrator\.openclaw\workspace\papers\processed\pipeline_state.json
2026-02-07 01:11:53,720 [INFO] __main__: 检查间隔: 60 秒
2026-02-07 01:11:53,721 [INFO] __main__: 初始状态已保存
2026-02-07 01:12:10,017 [INFO] __main__: TTS Manager 初始化完成
2026-02-07 01:12:10,017 [INFO] __main__: 状态文件: C:\Users\Administrator\.openclaw\workspace\papers\processed\pipeline_state.json
2026-02-07 01:12:10,017 [INFO] __main__: 检查间隔: 60 秒
2026-02-07 01:12:10,021 [INFO] __main__: 初始状态已保存
2026-02-07 01:12:10,021 [INFO] __main__: 执行健康检查...
2026-02-07 01:50:15,794 [INFO] __main__: TTS Manager 初始化完成
2026-02-07 01:50:15,795 [INFO] __main__: 状态文件: C:\Users\Administrator\.openclaw\workspace\papers\processed\pipeline_state.json
2026-02-07 01:50:15,795 [INFO] __main__: 检查间隔: 60 秒
2026-02-07 01:50:15,798 [INFO] __main__: 初始状态已保存
2026-02-07 01:50:15,798 [INFO] __main__: 执行健康检查...
2026-02-07 02:00:22,285 [INFO] __main__: TTS Manager 初始化完成
2026-02-07 02:00:22,285 [INFO] __main__: 状态文件: C:\Users\Administrator\.openclaw\workspace\papers\processed\pipeline_state.json
2026-02-07 02:00:22,285 [INFO] __main__: 检查间隔: 60 秒
2026-02-07 02:00:22,289 [INFO] __main__: 初始状态已保存
2026-02-07 02:00:22,289 [INFO] __main__: 执行健康检查...
2026-02-07 02:40:08,521 [INFO] __main__: TTS Manager 初始化完成
2026-02-07 02:40:08,522 [INFO] __main__: 状态文件: C:\Users\Administrator\.openclaw\workspace\papers\processed\pipeline_state.json
2026-02-07 02:40:08,522 [INFO] __main__: 检查间隔: 60 秒
2026-02-07 02:40:08,524 [INFO] __main__: 初始状态已保存
2026-02-07 02:40:08,524 [INFO] __main__: 执行健康检查...
2026-02-07 03:30:12,268 [INFO] __main__: TTS Manager 初始化完成
2026-02-07 03:30:12,269 [INFO] __main__: 状态文件: C:\Users\Administrator\.openclaw\workspace\papers\processed\pipeline_state.json
2026-02-07 03:30:12,269 [INFO] __main__: 检查间隔: 60 秒
2026-02-07 03:30:12,272 [INFO] __main__: 初始状态已保存
2026-02-07 03:30:12,272 [INFO] __main__: 执行健康检查...
2026-02-07 03:50:07,397 [INFO] __main__: TTS Manager 初始化完成
2026-02-07 03:50:07,397 [INFO] __main__: 状态文件: C:\Users\Administrator\.openclaw\workspace\papers\processed\pipeline_state.json
2026-02-07 03:50:07,397 [INFO] __main__: 检查间隔: 60 秒
2026-02-07 03:50:07,400 [INFO] __main__: 初始状态已保存
2026-02-07 03:50:07,400 [INFO] __main__: 执行健康检查...
2026-02-07 04:21:34,279 [INFO] __main__: TTS Manager 初始化完成
2026-02-07 04:21:34,279 [INFO] __main__: 状态文件: C:\Users\Administrator\.openclaw\workspace\papers\processed\pipeline_state.json
2026-02-07 04:21:34,280 [INFO] __main__: 检查间隔: 60 秒
2026-02-07 04:21:34,282 [INFO] __main__: 初始状态已保存
2026-02-07 04:21:34,283 [INFO] __main__: 执行健康检查...
2026-02-07 04:30:11,471 [INFO] __main__: TTS Manager 初始化完成
2026-02-07 04:30:11,471 [INFO] __main__: 状态文件: C:\Users\Administrator\.openclaw\workspace\papers\processed\pipeline_state.json
2026-02-07 04:30:11,471 [INFO] __main__: 检查间隔: 60 秒
2026-02-07 04:30:11,474 [INFO] __main__: 初始状态已保存
2026-02-07 04:30:11,474 [INFO] __main__: 执行健康检查...
2026-02-07 05:10:07,473 [INFO] __main__: TTS Manager 初始化完成
2026-02-07 05:10:07,474 [INFO] __main__: 状态文件: C:\Users\Administrator\.openclaw\workspace\papers\processed\pipeline_state.json
2026-02-07 05:10:07,474 [INFO] __main__: 检查间隔: 60 秒
2026-02-07 05:10:07,476 [INFO] __main__: 初始状态已保存
2026-02-07 05:10:07,476 [INFO] __main__: 执行健康检查...
2026-02-07 05:20:10,803 [INFO] __main__: TTS Manager 初始化完成
2026-02-07 05:20:10,803 [INFO] __main__: 状态文件: C:\Users\Administrator\.openclaw\workspace\papers\processed\pipeline_state.json
2026-02-07 05:20:10,803 [INFO] __main__: 检查间隔: 60 秒
2026-02-07 05:20:10,807 [INFO] __main__: 初始状态已保存
2026-02-07 05:20:10,807 [INFO] __main__: 执行健康检查...
2026-02-07 05:40:08,308 [INFO] __main__: TTS Manager 初始化完成
2026-02-07 05:40:08,308 [INFO] __main__: 状态文件: C:\Users\Administrator\.openclaw\workspace\papers\processed\pipeline_state.json
2026-02-07 05:40:08,308 [INFO] __main__: 检查间隔: 60 秒
2026-02-07 05:40:08,311 [INFO] __main__: 初始状态已保存
2026-02-07 05:40:08,311 [INFO] __main__: 执行健康检查...
2026-02-07 05:50:07,044 [INFO] __main__: TTS Manager 初始化完成
2026-02-07 05:50:07,044 [INFO] __main__: 状态文件: C:\Users\Administrator\.openclaw\workspace\papers\processed\pipeline_state.json
2026-02-07 05:50:07,044 [INFO] __main__: 检查间隔: 60 秒
2026-02-07 05:50:07,047 [INFO] __main__: 初始状态已保存
2026-02-07 05:50:07,047 [INFO] __main__: 执行健康检查...
2026-02-07 06:00:07,247 [INFO] __main__: TTS Manager 初始化完成
2026-02-07 06:00:07,247 [INFO] __main__: 状态文件: C:\Users\Administrator\.openclaw\workspace\papers\processed\pipeline_state.json
2026-02-07 06:00:07,248 [INFO] __main__: 检查间隔: 60 秒
2026-02-07 06:00:07,250 [INFO] __main__: 初始状态已保存
2026-02-07 06:00:07,250 [INFO] __main__: 执行健康检查...
2026-02-07 06:30:19,003 [INFO] __main__: TTS Manager 初始化完成
2026-02-07 06:30:19,003 [INFO] __main__: 状态文件: C:\Users\Administrator\.openclaw\workspace\papers\processed\pipeline_state.json
2026-02-07 06:30:19,003 [INFO] __main__: 检查间隔: 60 秒
2026-02-07 06:30:19,006 [INFO] __main__: 初始状态已保存
2026-02-07 06:30:19,006 [INFO] __main__: 执行健康检查...
2026-02-07 06:50:29,859 [INFO] __main__: TTS Manager 初始化完成
2026-02-07 06:50:29,859 [INFO] __main__: 状态文件: C:\Users\Administrator\.openclaw\workspace\papers\processed\pipeline_state.json
2026-02-07 06:50:29,859 [INFO] __main__: 检查间隔: 60 秒
2026-02-07 06:50:29,862 [INFO] __main__: 初始状态已保存
2026-02-07 06:50:29,862 [INFO] __main__: 执行健康检查...
2026-02-07 06:50:32,934 [INFO] __main__: TTS Manager 初始化完成
2026-02-07 06:50:32,935 [INFO] __main__: 状态文件: C:\Users\Administrator\.openclaw\workspace\papers\processed\pipeline_state.json
2026-02-07 06:50:32,935 [INFO] __main__: 检查间隔: 60 秒
2026-02-07 06:50:32,935 [INFO] __main__: 初始状态已保存
2026-02-07 07:00:08,950 [INFO] __main__: TTS Manager 初始化完成
2026-02-07 07:00:08,950 [INFO] __main__: 状态文件: C:\Users\Administrator\.openclaw\workspace\papers\processed\pipeline_state.json
2026-02-07 07:00:08,950 [INFO] __main__: 检查间隔: 60 秒
2026-02-07 07:00:08,952 [INFO] __main__: 初始状态已保存
2026-02-07 07:00:08,952 [INFO] __main__: 执行健康检查...
2026-02-07 07:30:07,865 [INFO] __main__: TTS Manager 初始化完成
2026-02-07 07:30:07,866 [INFO] __main__: 状态文件: C:\Users\Administrator\.openclaw\workspace\papers\processed\pipeline_state.json
2026-02-07 07:30:07,866 [INFO] __main__: 检查间隔: 60 秒
2026-02-07 07:30:07,869 [INFO] __main__: 初始状态已保存
2026-02-07 07:30:07,869 [INFO] __main__: 执行健康检查...
2026-02-07 07:40:24,307 [INFO] __main__: TTS Manager 初始化完成
2026-02-07 07:40:24,308 [INFO] __main__: 状态文件: C:\Users\Administrator\.openclaw\workspace\papers\processed\pipeline_state.json
2026-02-07 07:40:24,308 [INFO] __main__: 检查间隔: 60 秒
2026-02-07 07:40:24,411 [INFO] __main__: 初始状态已保存
2026-02-07 07:40:24,411 [INFO] __main__: 执行健康检查...
2026-02-07 07:50:12,660 [INFO] __main__: TTS Manager 初始化完成
2026-02-07 07:50:12,660 [INFO] __main__: 状态文件: C:\Users\Administrator\.openclaw\workspace\papers\processed\pipeline_state.json
2026-02-07 07:50:12,660 [INFO] __main__: 检查间隔: 60 秒
2026-02-07 07:50:12,663 [INFO] __main__: 初始状态已保存
2026-02-07 07:50:12,663 [INFO] __main__: 执行健康检查...
2026-02-07 07:50:18,451 [INFO] __main__: TTS Manager 初始化完成
2026-02-07 07:50:18,451 [INFO] __main__: 状态文件: C:\Users\Administrator\.openclaw\workspace\papers\processed\pipeline_state.json
2026-02-07 07:50:18,451 [INFO] __main__: 检查间隔: 60 秒
2026-02-07 07:50:18,452 [INFO] __main__: 初始状态已保存
2026-02-07 08:20:20,255 [INFO] __main__: TTS Manager 初始化完成
2026-02-07 08:20:20,256 [INFO] __main__: 状态文件: C:\Users\Administrator\.openclaw\workspace\papers\processed\pipeline_state.json
2026-02-07 08:20:20,256 [INFO] __main__: 检查间隔: 60 秒
2026-02-07 08:20:20,258 [INFO] __main__: 初始状态已保存
2026-02-07 08:20:20,258 [INFO] __main__: 执行健康检查...
2026-02-07 08:30:18,274 [INFO] __main__: TTS Manager 初始化完成
2026-02-07 08:30:18,274 [INFO] __main__: 状态文件: C:\Users\Administrator\.openclaw\workspace\papers\processed\pipeline_state.json
2026-02-07 08:30:18,274 [INFO] __main__: 检查间隔: 60 秒
2026-02-07 08:30:18,277 [INFO] __main__: 初始状态已保存
2026-02-07 08:30:18,277 [INFO] __main__: 执行健康检查...
2026-02-07 08:40:09,204 [INFO] __main__: TTS Manager 初始化完成
2026-02-07 08:40:09,204 [INFO] __main__: 状态文件: C:\Users\Administrator\.openclaw\workspace\papers\processed\pipeline_state.json
2026-02-07 08:40:09,204 [INFO] __main__: 检查间隔: 60 秒
2026-02-07 08:40:09,207 [INFO] __main__: 初始状态已保存
2026-02-07 08:40:09,207 [INFO] __main__: 执行健康检查...
2026-02-07 09:00:07,439 [INFO] __main__: TTS Manager 初始化完成
2026-02-07 09:00:07,462 [INFO] __main__: 状态文件: C:\Users\Administrator\.openclaw\workspace\papers\processed\pipeline_state.json
2026-02-07 09:00:07,462 [INFO] __main__: 检查间隔: 60 秒
2026-02-07 09:00:07,465 [INFO] __main__: 初始状态已保存
2026-02-07 09:00:07,465 [INFO] __main__: 执行健康检查...
2026-02-07 09:20:09,939 [INFO] __main__: TTS Manager 初始化完成
2026-02-07 09:20:09,940 [INFO] __main__: 状态文件: C:\Users\Administrator\.openclaw\workspace\papers\processed\pipeline_state.json
2026-02-07 09:20:09,940 [INFO] __main__: 检查间隔: 60 秒
2026-02-07 09:20:09,943 [INFO] __main__: 初始状态已保存
2026-02-07 09:20:09,943 [INFO] __main__: 执行健康检查...
2026-02-07 09:40:11,709 [INFO] __main__: TTS Manager 初始化完成
2026-02-07 09:40:11,709 [INFO] __main__: 状态文件: C:\Users\Administrator\.openclaw\workspace\papers\processed\pipeline_state.json
2026-02-07 09:40:11,709 [INFO] __main__: 检查间隔: 60 秒
2026-02-07 09:40:11,712 [INFO] __main__: 初始状态已保存
2026-02-07 09:40:11,712 [INFO] __main__: 执行健康检查...
2026-02-07 09:50:06,789 [INFO] __main__: TTS Manager 初始化完成
2026-02-07 09:50:06,789 [INFO] __main__: 状态文件: C:\Users\Administrator\.openclaw\workspace\papers\processed\pipeline_state.json
2026-02-07 09:50:06,790 [INFO] __main__: 检查间隔: 60 秒
2026-02-07 09:50:06,792 [INFO] __main__: 初始状态已保存
2026-02-07 09:50:06,792 [INFO] __main__: 执行健康检查...
2026-02-07 10:10:06,848 [INFO] __main__: TTS Manager 初始化完成
2026-02-07 10:10:06,849 [INFO] __main__: 状态文件: C:\Users\Administrator\.openclaw\workspace\papers\processed\pipeline_state.json
2026-02-07 10:10:06,849 [INFO] __main__: 检查间隔: 60 秒
2026-02-07 10:10:06,952 [INFO] __main__: 初始状态已保存
2026-02-07 10:10:06,952 [INFO] __main__: 执行健康检查...
2026-02-07 10:20:06,336 [INFO] __main__: TTS Manager 初始化完成
2026-02-07 10:20:06,336 [INFO] __main__: 状态文件: C:\Users\Administrator\.openclaw\workspace\papers\processed\pipeline_state.json
2026-02-07 10:20:06,336 [INFO] __main__: 检查间隔: 60 秒
2026-02-07 10:20:06,339 [INFO] __main__: 初始状态已保存
2026-02-07 10:20:06,339 [INFO] __main__: 执行健康检查...
2026-02-07 10:30:06,767 [INFO] __main__: TTS Manager 初始化完成
2026-02-07 10:30:06,767 [INFO] __main__: 状态文件: C:\Users\Administrator\.openclaw\workspace\papers\processed\pipeline_state.json
2026-02-07 10:30:06,768 [INFO] __main__: 检查间隔: 60 秒
2026-02-07 10:30:06,771 [INFO] __main__: 初始状态已保存
2026-02-07 10:30:06,771 [INFO] __main__: 执行健康检查...
2026-02-07 10:40:06,387 [INFO] __main__: TTS Manager 初始化完成
2026-02-07 10:40:06,387 [INFO] __main__: 状态文件: C:\Users\Administrator\.openclaw\workspace\papers\processed\pipeline_state.json
2026-02-07 10:40:06,388 [INFO] __main__: 检查间隔: 60 秒
2026-02-07 10:40:06,391 [INFO] __main__: 初始状态已保存
2026-02-07 10:40:06,391 [INFO] __main__: 执行健康检查...
2026-02-07 10:50:11,829 [INFO] __main__: TTS Manager 初始化完成
2026-02-07 10:50:11,829 [INFO] __main__: 状态文件: C:\Users\Administrator\.openclaw\workspace\papers\processed\pipeline_state.json
2026-02-07 10:50:11,829 [INFO] __main__: 检查间隔: 60 秒
2026-02-07 10:50:11,832 [INFO] __main__: 初始状态已保存
2026-02-07 10:50:11,832 [INFO] __main__: 执行健康检查...
2026-02-07 11:00:07,647 [INFO] __main__: TTS Manager 初始化完成
2026-02-07 11:00:07,648 [INFO] __main__: 状态文件: C:\Users\Administrator\.openclaw\workspace\papers\processed\pipeline_state.json
2026-02-07 11:00:07,648 [INFO] __main__: 检查间隔: 60 秒
2026-02-07 11:00:07,651 [INFO] __main__: 初始状态已保存
2026-02-07 11:00:07,651 [INFO] __main__: 执行健康检查...
2026-02-07 11:20:06,719 [INFO] __main__: TTS Manager 初始化完成
2026-02-07 11:20:06,720 [INFO] __main__: 状态文件: C:\Users\Administrator\.openclaw\workspace\papers\processed\pipeline_state.json
2026-02-07 11:20:06,721 [INFO] __main__: 检查间隔: 60 秒
2026-02-07 11:20:06,725 [INFO] __main__: 初始状态已保存
2026-02-07 11:20:06,725 [INFO] __main__: 执行健康检查...
2026-02-07 11:31:16,104 [INFO] __main__: TTS Manager 初始化完成
2026-02-07 11:31:16,105 [INFO] __main__: 状态文件: C:\Users\Administrator\.openclaw\workspace\papers\processed\pipeline_state.json
2026-02-07 11:31:16,105 [INFO] __main__: 检查间隔: 60 秒
2026-02-07 11:31:16,108 [INFO] __main__: 初始状态已保存
2026-02-07 11:31:16,108 [INFO] __main__: 执行健康检查...
2026-02-07 11:40:06,610 [INFO] __main__: TTS Manager 初始化完成
2026-02-07 11:40:06,610 [INFO] __main__: 状态文件: C:\Users\Administrator\.openclaw\workspace\papers\processed\pipeline_state.json
2026-02-07 11:40:06,610 [INFO] __main__: 检查间隔: 60 秒
2026-02-07 11:40:06,614 [INFO] __main__: 初始状态已保存
2026-02-07 11:40:06,614 [INFO] __main__: 执行健康检查...
2026-02-07 11:50:27,876 [INFO] __main__: TTS Manager 初始化完成
2026-02-07 11:50:27,876 [INFO] __main__: 状态文件: C:\Users\Administrator\.openclaw\workspace\papers\processed\pipeline_state.json
2026-02-07 11:50:27,876 [INFO] __main__: 检查间隔: 60 秒
2026-02-07 11:50:27,880 [INFO] __main__: 初始状态已保存
2026-02-07 11:50:27,880 [INFO] __main__: 执行健康检查...
2026-02-07 12:20:05,968 [INFO] __main__: TTS Manager 初始化完成
2026-02-07 12:20:05,969 [INFO] __main__: 状态文件: C:\Users\Administrator\.openclaw\workspace\papers\processed\pipeline_state.json
2026-02-07 12:20:05,969 [INFO] __main__: 检查间隔: 60 秒
2026-02-07 12:20:05,972 [INFO] __main__: 初始状态已保存
2026-02-07 12:20:05,972 [INFO] __main__: 执行健康检查...
2026-02-07 12:50:21,774 [INFO] __main__: TTS Manager 初始化完成
2026-02-07 12:50:21,775 [INFO] __main__: 状态文件: C:\Users\Administrator\.openclaw\workspace\papers\processed\pipeline_state.json
2026-02-07 12:50:21,776 [INFO] __main__: 检查间隔: 60 秒
2026-02-07 12:50:21,779 [INFO] __main__: 初始状态已保存
2026-02-07 12:50:21,779 [INFO] __main__: 执行健康检查...
2026-02-07 13:00:10,450 [INFO] __main__: TTS Manager 初始化完成
2026-02-07 13:00:10,451 [INFO] __main__: 状态文件: C:\Users\Administrator\.openclaw\workspace\papers\processed\pipeline_state.json
2026-02-07 13:00:10,452 [INFO] __main__: 检查间隔: 60 秒
2026-02-07 13:00:10,455 [INFO] __main__: 初始状态已保存
2026-02-07 13:00:10,455 [INFO] __main__: 执行健康检查...
2026-02-07 13:10:23,303 [INFO] __main__: TTS Manager 初始化完成
2026-02-07 13:10:23,304 [INFO] __main__: 状态文件: C:\Users\Administrator\.openclaw\workspace\papers\processed\pipeline_state.json
2026-02-07 13:10:23,304 [INFO] __main__: 检查间隔: 60 秒
2026-02-07 13:10:23,307 [INFO] __main__: 初始状态已保存
2026-02-07 13:10:23,307 [INFO] __main__: 执行健康检查...
2026-02-07 13:20:21,826 [INFO] __main__: TTS Manager 初始化完成
2026-02-07 13:20:21,826 [INFO] __main__: 状态文件: C:\Users\Administrator\.openclaw\workspace\papers\processed\pipeline_state.json
2026-02-07 13:20:21,827 [INFO] __main__: 检查间隔: 60 秒
2026-02-07 13:20:21,829 [INFO] __main__: 初始状态已保存
2026-02-07 13:20:21,829 [INFO] __main__: 执行健康检查...
2026-02-07 13:30:12,341 [INFO] __main__: TTS Manager 初始化完成
2026-02-07 13:30:12,342 [INFO] __main__: 状态文件: C:\Users\Administrator\.openclaw\workspace\papers\processed\pipeline_state.json
2026-02-07 13:30:12,342 [INFO] __main__: 检查间隔: 60 秒
2026-02-07 13:30:12,344 [INFO] __main__: 初始状态已保存
2026-02-07 13:30:12,344 [INFO] __main__: 执行健康检查...
2026-02-07 13:40:09,036 [INFO] __main__: TTS Manager 初始化完成
2026-02-07 13:40:09,036 [INFO] __main__: 状态文件: C:\Users\Administrator\.openclaw\workspace\papers\processed\pipeline_state.json
2026-02-07 13:40:09,037 [INFO] __main__: 检查间隔: 60 秒
2026-02-07 13:40:09,039 [INFO] __main__: 初始状态已保存
2026-02-07 13:40:09,039 [INFO] __main__: 执行健康检查...
2026-02-07 14:00:10,608 [INFO] __main__: TTS Manager 初始化完成
2026-02-07 14:00:10,608 [INFO] __main__: 状态文件: C:\Users\Administrator\.openclaw\workspace\papers\processed\pipeline_state.json
2026-02-07 14:00:10,608 [INFO] __main__: 检查间隔: 60 秒
2026-02-07 14:00:10,611 [INFO] __main__: 初始状态已保存
2026-02-07 14:00:10,612 [INFO] __main__: 执行健康检查...
2026-02-07 14:30:09,565 [INFO] __main__: TTS Manager 初始化完成
2026-02-07 14:30:09,565 [INFO] __main__: 状态文件: C:\Users\Administrator\.openclaw\workspace\papers\processed\pipeline_state.json
2026-02-07 14:30:09,566 [INFO] __main__: 检查间隔: 60 秒
2026-02-07 14:30:09,568 [INFO] __main__: 初始状态已保存
2026-02-07 14:30:09,568 [INFO] __main__: 执行健康检查...
2026-02-07 15:10:08,519 [INFO] __main__: TTS Manager 初始化完成
2026-02-07 15:10:08,519 [INFO] __main__: 状态文件: C:\Users\Administrator\.openclaw\workspace\papers\processed\pipeline_state.json
2026-02-07 15:10:08,520 [INFO] __main__: 检查间隔: 60 秒
2026-02-07 15:10:08,522 [INFO] __main__: 初始状态已保存
2026-02-07 15:10:08,522 [INFO] __main__: 执行健康检查...
2026-02-07 15:20:09,314 [INFO] __main__: TTS Manager 初始化完成
2026-02-07 15:20:09,315 [INFO] __main__: 状态文件: C:\Users\Administrator\.openclaw\workspace\papers\processed\pipeline_state.json
2026-02-07 15:20:09,315 [INFO] __main__: 检查间隔: 60 秒
2026-02-07 15:20:09,318 [INFO] __main__: 初始状态已保存
2026-02-07 15:20:09,318 [INFO] __main__: 执行健康检查...
2026-02-07 15:30:06,038 [INFO] __main__: TTS Manager 初始化完成
2026-02-07 15:30:06,039 [INFO] __main__: 状态文件: C:\Users\Administrator\.openclaw\workspace\papers\processed\pipeline_state.json
2026-02-07 15:30:06,039 [INFO] __main__: 检查间隔: 60 秒
2026-02-07 15:30:06,042 [INFO] __main__: 初始状态已保存
2026-02-07 15:30:06,042 [INFO] __main__: 执行健康检查...
2026-02-07 15:40:08,150 [INFO] __main__: TTS Manager 初始化完成
2026-02-07 15:40:08,150 [INFO] __main__: 状态文件: C:\Users\Administrator\.openclaw\workspace\papers\processed\pipeline_state.json
2026-02-07 15:40:08,150 [INFO] __main__: 检查间隔: 60 秒
2026-02-07 15:40:08,154 [INFO] __main__: 初始状态已保存
2026-02-07 15:40:08,154 [INFO] __main__: 执行健康检查...
2026-02-07 16:00:07,235 [INFO] __main__: TTS Manager 初始化完成
2026-02-07 16:00:07,236 [INFO] __main__: 状态文件: C:\Users\Administrator\.openclaw\workspace\papers\processed\pipeline_state.json
2026-02-07 16:00:07,236 [INFO] __main__: 检查间隔: 60 秒
2026-02-07 16:00:07,240 [INFO] __main__: 初始状态已保存
2026-02-07 16:00:07,240 [INFO] __main__: 执行健康检查...
2026-02-07 16:30:10,395 [INFO] __main__: TTS Manager 初始化完成
2026-02-07 16:30:10,396 [INFO] __main__: 状态文件: C:\Users\Administrator\.openclaw\workspace\papers\processed\pipeline_state.json
2026-02-07 16:30:10,396 [INFO] __main__: 检查间隔: 60 秒
2026-02-07 16:30:10,400 [INFO] __main__: 初始状态已保存
2026-02-07 16:30:10,400 [INFO] __main__: 执行健康检查...
2026-02-07 17:00:08,876 [INFO] __main__: TTS Manager 初始化完成
2026-02-07 17:00:08,877 [INFO] __main__: 状态文件: C:\Users\Administrator\.openclaw\workspace\papers\processed\pipeline_state.json
2026-02-07 17:00:08,877 [INFO] __main__: 检查间隔: 60 秒
2026-02-07 17:00:08,880 [INFO] __main__: 初始状态已保存
2026-02-07 17:00:08,880 [INFO] __main__: 执行健康检查...
2026-02-07 17:20:12,554 [INFO] __main__: TTS Manager 初始化完成
2026-02-07 17:20:12,555 [INFO] __main__: 状态文件: C:\Users\Administrator\.openclaw\workspace\papers\processed\pipeline_state.json
2026-02-07 17:20:12,555 [INFO] __main__: 检查间隔: 60 秒
2026-02-07 17:20:12,558 [INFO] __main__: 初始状态已保存
2026-02-07 17:20:12,558 [INFO] __main__: 执行健康检查...
2026-02-07 17:30:16,458 [INFO] __main__: TTS Manager 初始化完成
2026-02-07 17:30:16,458 [INFO] __main__: 状态文件: C:\Users\Administrator\.openclaw\workspace\papers\processed\pipeline_state.json
2026-02-07 17:30:16,458 [INFO] __main__: 检查间隔: 60 秒
2026-02-07 17:30:16,461 [INFO] __main__: 初始状态已保存
2026-02-07 17:30:16,461 [INFO] __main__: 执行健康检查...
2026-02-07 17:50:08,866 [INFO] __main__: TTS Manager 初始化完成
2026-02-07 17:50:08,867 [INFO] __main__: 状态文件: C:\Users\Administrator\.openclaw\workspace\papers\processed\pipeline_state.json
2026-02-07 17:50:08,867 [INFO] __main__: 检查间隔: 60 秒
2026-02-07 17:50:08,870 [INFO] __main__: 初始状态已保存
2026-02-07 17:50:08,870 [INFO] __main__: 执行健康检查...
2026-02-07 18:00:13,769 [INFO] __main__: TTS Manager 初始化完成
2026-02-07 18:00:13,770 [INFO] __main__: 状态文件: C:\Users\Administrator\.openclaw\workspace\papers\processed\pipeline_state.json
2026-02-07 18:00:13,770 [INFO] __main__: 检查间隔: 60 秒
2026-02-07 18:00:13,773 [INFO] __main__: 初始状态已保存
2026-02-07 18:00:13,773 [INFO] __main__: 执行健康检查...
2026-02-07 18:20:08,988 [INFO] __main__: TTS Manager 初始化完成
2026-02-07 18:20:08,988 [INFO] __main__: 状态文件: C:\Users\Administrator\.openclaw\workspace\papers\processed\pipeline_state.json
2026-02-07 18:20:08,988 [INFO] __main__: 检查间隔: 60 秒
2026-02-07 18:20:08,991 [INFO] __main__: 初始状态已保存
2026-02-07 18:20:08,991 [INFO] __main__: 执行健康检查...
2026-02-07 18:30:06,469 [INFO] __main__: TTS Manager 初始化完成
2026-02-07 18:30:06,469 [INFO] __main__: 状态文件: C:\Users\Administrator\.openclaw\workspace\papers\processed\pipeline_state.json
2026-02-07 18:30:06,469 [INFO] __main__: 检查间隔: 60 秒
2026-02-07 18:30:06,472 [INFO] __main__: 初始状态已保存
2026-02-07 18:30:06,472 [INFO] __main__: 执行健康检查...
2026-02-07 18:40:06,508 [INFO] __main__: TTS Manager 初始化完成
2026-02-07 18:40:06,508 [INFO] __main__: 状态文件: C:\Users\Administrator\.openclaw\workspace\papers\processed\pipeline_state.json
2026-02-07 18:40:06,508 [INFO] __main__: 检查间隔: 60 秒
2026-02-07 18:40:06,511 [INFO] __main__: 初始状态已保存
2026-02-07 18:40:06,511 [INFO] __main__: 执行健康检查...
2026-02-07 18:44:22,649 [INFO] __main__: TTS Manager 初始化完成
2026-02-07 18:44:22,649 [INFO] __main__: 状态文件: C:\Users\Administrator\.openclaw\workspace\papers\processed\pipeline_state.json
2026-02-07 18:44:22,649 [INFO] __main__: 检查间隔: 60 秒
2026-02-07 18:44:22,650 [INFO] __main__: 初始状态已保存
2026-02-07 18:44:22,650 [INFO] __main__: 执行健康检查...
2026-02-07 19:00:13,274 [INFO] __main__: TTS Manager 初始化完成
2026-02-07 19:00:13,274 [INFO] __main__: 状态文件: C:\Users\Administrator\.openclaw\workspace\papers\processed\pipeline_state.json
2026-02-07 19:00:13,274 [INFO] __main__: 检查间隔: 60 秒
2026-02-07 19:00:13,277 [INFO] __main__: 初始状态已保存
2026-02-07 19:00:13,277 [INFO] __main__: 执行健康检查...
2026-02-07 19:10:26,586 [INFO] __main__: TTS Manager 初始化完成
2026-02-07 19:10:26,586 [INFO] __main__: 状态文件: C:\Users\Administrator\.openclaw\workspace\papers\processed\pipeline_state.json
2026-02-07 19:10:26,586 [INFO] __main__: 检查间隔: 60 秒
2026-02-07 19:10:26,588 [INFO] __main__: 初始状态已保存
2026-02-07 19:10:26,588 [INFO] __main__: 执行健康检查...
2026-02-07 19:20:07,414 [INFO] __main__: TTS Manager 初始化完成
2026-02-07 19:20:07,414 [INFO] __main__: 状态文件: C:\Users\Administrator\.openclaw\workspace\papers\processed\pipeline_state.json
2026-02-07 19:20:07,414 [INFO] __main__: 检查间隔: 60 秒
2026-02-07 19:20:07,418 [INFO] __main__: 初始状态已保存
2026-02-07 19:20:07,418 [INFO] __main__: 执行健康检查...
2026-02-07 20:10:06,878 [INFO] __main__: TTS Manager 初始化完成
2026-02-07 20:10:06,879 [INFO] __main__: 状态文件: C:\Users\Administrator\.openclaw\workspace\papers\processed\pipeline_state.json
2026-02-07 20:10:06,879 [INFO] __main__: 检查间隔: 60 秒
2026-02-07 20:10:06,881 [INFO] __main__: 初始状态已保存
2026-02-07 20:10:06,881 [INFO] __main__: 执行健康检查...
2026-02-07 20:20:07,976 [INFO] __main__: TTS Manager 初始化完成
2026-02-07 20:20:07,976 [INFO] __main__: 状态文件: C:\Users\Administrator\.openclaw\workspace\papers\processed\pipeline_state.json
2026-02-07 20:20:07,976 [INFO] __main__: 检查间隔: 60 秒
2026-02-07 20:20:07,980 [INFO] __main__: 初始状态已保存
2026-02-07 20:20:07,980 [INFO] __main__: 执行健康检查...
2026-02-07 20:30:07,328 [INFO] __main__: TTS Manager 初始化完成
2026-02-07 20:30:07,328 [INFO] __main__: 状态文件: C:\Users\Administrator\.openclaw\workspace\papers\processed\pipeline_state.json
2026-02-07 20:30:07,328 [INFO] __main__: 检查间隔: 60 秒
2026-02-07 20:30:07,331 [INFO] __main__: 初始状态已保存
2026-02-07 20:30:07,331 [INFO] __main__: 执行健康检查...
2026-02-07 20:41:21,633 [INFO] __main__: TTS Manager 初始化完成
2026-02-07 20:41:21,633 [INFO] __main__: 状态文件: C:\Users\Administrator\.openclaw\workspace\papers\processed\pipeline_state.json
2026-02-07 20:41:21,633 [INFO] __main__: 检查间隔: 60 秒
2026-02-07 20:41:21,636 [INFO] __main__: 初始状态已保存
2026-02-07 20:41:21,636 [INFO] __main__: 执行健康检查...
2026-02-07 21:00:07,847 [INFO] __main__: TTS Manager 初始化完成
2026-02-07 21:00:07,847 [INFO] __main__: 状态文件: C:\Users\Administrator\.openclaw\workspace\papers\processed\pipeline_state.json
2026-02-07 21:00:07,847 [INFO] __main__: 检查间隔: 60 秒
2026-02-07 21:00:07,850 [INFO] __main__: 初始状态已保存
2026-02-07 21:00:07,850 [INFO] __main__: 执行健康检查...
2026-02-07 21:10:08,844 [INFO] __main__: TTS Manager 初始化完成
2026-02-07 21:10:08,844 [INFO] __main__: 状态文件: C:\Users\Administrator\.openclaw\workspace\papers\processed\pipeline_state.json
2026-02-07 21:10:08,844 [INFO] __main__: 检查间隔: 60 秒
2026-02-07 21:10:08,847 [INFO] __main__: 初始状态已保存
2026-02-07 21:10:08,847 [INFO] __main__: 执行健康检查...
2026-02-07 21:50:50,682 [INFO] __main__: TTS Manager 初始化完成
2026-02-07 21:50:50,684 [INFO] __main__: 状态文件: C:\Users\Administrator\.openclaw\workspace\papers\processed\pipeline_state.json
2026-02-07 21:50:50,684 [INFO] __main__: 检查间隔: 60 秒
2026-02-07 21:50:50,687 [INFO] __main__: 初始状态已保存
2026-02-07 22:10:09,598 [INFO] __main__: TTS Manager 初始化完成
2026-02-07 22:10:09,599 [INFO] __main__: 状态文件: C:\Users\Administrator\.openclaw\workspace\papers\processed\pipeline_state.json
2026-02-07 22:10:09,599 [INFO] __main__: 检查间隔: 60 秒
2026-02-07 22:10:09,602 [INFO] __main__: 初始状态已保存
2026-02-07 22:10:09,602 [INFO] __main__: 执行健康检查...
2026-02-07 22:30:10,174 [INFO] __main__: TTS Manager 初始化完成
2026-02-07 22:30:10,175 [INFO] __main__: 状态文件: C:\Users\Administrator\.openclaw\workspace\papers\processed\pipeline_state.json
2026-02-07 22:30:10,175 [INFO] __main__: 检查间隔: 60 秒
2026-02-07 22:30:10,178 [INFO] __main__: 初始状态已保存
2026-02-07 22:30:10,178 [INFO] __main__: 执行健康检查...
2026-02-07 22:40:37,035 [INFO] __main__: TTS Manager 初始化完成
2026-02-07 22:40:37,036 [INFO] __main__: 状态文件: C:\Users\Administrator\.openclaw\workspace\papers\processed\pipeline_state.json
2026-02-07 22:40:37,036 [INFO] __main__: 检查间隔: 60 秒
2026-02-07 22:40:37,039 [INFO] __main__: 初始状态已保存
2026-02-07 22:40:37,039 [INFO] __main__: 执行健康检查...
2026-02-07 22:40:41,436 [INFO] __main__: TTS Manager 初始化完成
2026-02-07 22:40:41,437 [INFO] __main__: 状态文件: C:\Users\Administrator\.openclaw\workspace\papers\processed\pipeline_state.json
2026-02-07 22:40:41,437 [INFO] __main__: 检查间隔: 60 秒
2026-02-07 22:40:41,438 [INFO] __main__: 初始状态已保存
2026-02-07 22:50:15,340 [INFO] __main__: TTS Manager 初始化完成
2026-02-07 22:50:15,341 [INFO] __main__: 状态文件: C:\Users\Administrator\.openclaw\workspace\papers\processed\pipeline_state.json
2026-02-07 22:50:15,341 [INFO] __main__: 检查间隔: 60 秒
2026-02-07 22:50:15,344 [INFO] __main__: 初始状态已保存
2026-02-07 22:50:15,344 [INFO] __main__: 执行健康检查...
2026-02-07 23:00:08,371 [INFO] __main__: TTS Manager 初始化完成
2026-02-07 23:00:08,372 [INFO] __main__: 状态文件: C:\Users\Administrator\.openclaw\workspace\papers\processed\pipeline_state.json
2026-02-07 23:00:08,372 [INFO] __main__: 检查间隔: 60 秒
2026-02-07 23:00:08,375 [INFO] __main__: 初始状态已保存
2026-02-07 23:00:08,375 [INFO] __main__: 执行健康检查...
2026-02-07 23:10:59,417 [INFO] __main__: TTS Manager 初始化完成
2026-02-07 23:10:59,419 [INFO] __main__: 状态文件: C:\Users\Administrator\.openclaw\workspace\papers\processed\pipeline_state.json
2026-02-07 23:10:59,419 [INFO] __main__: 检查间隔: 60 秒
2026-02-07 23:10:59,422 [INFO] __main__: 初始状态已保存
2026-02-07 23:10:59,422 [INFO] __main__: 执行健康检查...
2026-02-07 23:20:07,223 [INFO] __main__: TTS Manager 初始化完成
2026-02-07 23:20:07,225 [INFO] __main__: 状态文件: C:\Users\Administrator\.openclaw\workspace\papers\processed\pipeline_state.json
2026-02-07 23:20:07,225 [INFO] __main__: 检查间隔: 60 秒
2026-02-07 23:20:07,228 [INFO] __main__: 初始状态已保存
2026-02-07 23:20:07,228 [INFO] __main__: 执行健康检查...
2026-02-07 23:30:08,712 [INFO] __main__: TTS Manager 初始化完成
2026-02-07 23:30:08,712 [INFO] __main__: 状态文件: C:\Users\Administrator\.openclaw\workspace\papers\processed\pipeline_state.json
2026-02-07 23:30:08,713 [INFO] __main__: 检查间隔: 60 秒
2026-02-07 23:30:08,715 [INFO] __main__: 初始状态已保存
2026-02-07 23:30:08,715 [INFO] __main__: 执行健康检查...
2026-02-08 00:00:08,850 [INFO] __main__: TTS Manager 初始化完成
2026-02-08 00:00:08,850 [INFO] __main__: 状态文件: C:\Users\Administrator\.openclaw\workspace\papers\processed\pipeline_state.json
2026-02-08 00:00:08,851 [INFO] __main__: 检查间隔: 60 秒
2026-02-08 00:00:08,853 [INFO] __main__: 初始状态已保存
2026-02-08 00:00:08,853 [INFO] __main__: 执行健康检查...
2026-02-08 00:00:48,496 [INFO] __main__: TTS Manager 初始化完成
2026-02-08 00:00:48,496 [INFO] __main__: 状态文件: C:\Users\Administrator\.openclaw\workspace\papers\processed\pipeline_state.json
2026-02-08 00:00:48,496 [INFO] __main__: 检查间隔: 60 秒
2026-02-08 00:00:48,500 [INFO] __main__: 初始状态已保存
2026-02-08 00:00:48,500 [INFO] __main__: 执行健康检查...
2026-02-08 00:11:48,611 [INFO] __main__: TTS Manager 初始化完成
2026-02-08 00:11:48,612 [INFO] __main__: 状态文件: C:\Users\Administrator\.openclaw\workspace\papers\processed\pipeline_state.json
2026-02-08 00:11:48,612 [INFO] __main__: 检查间隔: 60 秒
2026-02-08 00:11:48,614 [INFO] __main__: 初始状态已保存
2026-02-08 00:11:48,614 [INFO] __main__: 执行健康检查...
2026-02-08 00:21:01,751 [INFO] __main__: TTS Manager 初始化完成
2026-02-08 00:21:01,751 [INFO] __main__: 状态文件: C:\Users\Administrator\.openclaw\workspace\papers\processed\pipeline_state.json
2026-02-08 00:21:01,752 [INFO] __main__: 检查间隔: 60 秒
2026-02-08 00:21:01,754 [INFO] __main__: 初始状态已保存
2026-02-08 00:21:01,754 [INFO] __main__: 执行健康检查...
2026-02-08 00:21:28,060 [INFO] __main__: TTS Manager 初始化完成
2026-02-08 00:21:28,060 [INFO] __main__: 状态文件: C:\Users\Administrator\.openclaw\workspace\papers\processed\pipeline_state.json
2026-02-08 00:21:28,061 [INFO] __main__: 检查间隔: 60 秒
2026-02-08 00:21:28,061 [INFO] __main__: 初始状态已保存
2026-02-08 00:21:28,061 [INFO] __main__: 执行健康检查...
2026-02-08 00:30:32,770 [INFO] __main__: TTS Manager 初始化完成
2026-02-08 00:30:32,771 [INFO] __main__: 状态文件: C:\Users\Administrator\.openclaw\workspace\papers\processed\pipeline_state.json
2026-02-08 00:30:32,771 [INFO] __main__: 检查间隔: 60 秒
2026-02-08 00:30:32,774 [INFO] __main__: 初始状态已保存
2026-02-08 00:30:32,774 [INFO] __main__: 执行健康检查...
2026-02-08 00:31:22,276 [INFO] __main__: TTS Manager 初始化完成
2026-02-08 00:31:22,276 [INFO] __main__: 状态文件: C:\Users\Administrator\.openclaw\workspace\papers\processed\pipeline_state.json
2026-02-08 00:31:22,277 [INFO] __main__: 检查间隔: 60 秒
2026-02-08 00:31:22,279 [INFO] __main__: 初始状态已保存
2026-02-08 00:32:35,813 [INFO] __main__: TTS Manager 初始化完成
2026-02-08 00:32:35,813 [INFO] __main__: 状态文件: C:\Users\Administrator\.openclaw\workspace\papers\processed\pipeline_state.json
2026-02-08 00:32:35,813 [INFO] __main__: 检查间隔: 60 秒
2026-02-08 00:32:35,816 [INFO] __main__: 初始状态已保存
2026-02-08 00:32:35,816 [INFO] __main__: 执行健康检查...
2026-02-08 00:33:59,852 [INFO] __main__: TTS Manager 初始化完成
2026-02-08 00:33:59,852 [INFO] __main__: 状态文件: C:\Users\Administrator\.openclaw\workspace\papers\processed\pipeline_state.json
2026-02-08 00:33:59,852 [INFO] __main__: 检查间隔: 60 秒
2026-02-08 00:33:59,855 [INFO] __main__: 初始状态已保存
2026-02-08 00:33:59,855 [INFO] __main__: 执行健康检查...
2026-02-08 00:50:07,339 [INFO] __main__: TTS Manager 初始化完成
2026-02-08 00:50:07,340 [INFO] __main__: 状态文件: C:\Users\Administrator\.openclaw\workspace\papers\processed\pipeline_state.json
2026-02-08 00:50:07,340 [INFO] __main__: 检查间隔: 60 秒
2026-02-08 00:50:07,344 [INFO] __main__: 初始状态已保存
2026-02-08 00:50:07,344 [INFO] __main__: 执行健康检查...
2026-02-08 01:00:12,632 [INFO] __main__: TTS Manager 初始化完成
2026-02-08 01:00:12,633 [INFO] __main__: 状态文件: C:\Users\Administrator\.openclaw\workspace\papers\processed\pipeline_state.json
2026-02-08 01:00:12,633 [INFO] __main__: 检查间隔: 60 秒
2026-02-08 01:00:12,636 [INFO] __main__: 初始状态已保存
2026-02-08 01:00:12,636 [INFO] __main__: 执行健康检查...
2026-02-08 01:01:21,985 [INFO] __main__: TTS Manager 初始化完成
2026-02-08 01:01:21,985 [INFO] __main__: 状态文件: C:\Users\Administrator\.openclaw\workspace\papers\processed\pipeline_state.json
2026-02-08 01:01:21,986 [INFO] __main__: 检查间隔: 60 秒
2026-02-08 01:01:21,990 [INFO] __main__: 初始状态已保存
2026-02-08 01:01:21,990 [INFO] __main__: 执行健康检查...
2026-02-08 01:10:09,710 [INFO] __main__: TTS Manager 初始化完成
2026-02-08 01:10:09,711 [INFO] __main__: 状态文件: C:\Users\Administrator\.openclaw\workspace\papers\processed\pipeline_state.json
2026-02-08 01:10:09,711 [INFO] __main__: 检查间隔: 60 秒
2026-02-08 01:10:09,714 [INFO] __main__: 初始状态已保存
2026-02-08 01:10:09,714 [INFO] __main__: 执行健康检查...
2026-02-08 01:40:13,928 [INFO] __main__: TTS Manager 初始化完成
2026-02-08 01:40:13,928 [INFO] __main__: 状态文件: C:\Users\Administrator\.openclaw\workspace\papers\processed\pipeline_state.json
2026-02-08 01:40:13,928 [INFO] __main__: 检查间隔: 60 秒
2026-02-08 01:40:13,931 [INFO] __main__: 初始状态已保存
2026-02-08 01:40:13,931 [INFO] __main__: 执行健康检查...
2026-02-08 01:50:08,418 [INFO] __main__: TTS Manager 初始化完成
2026-02-08 01:50:08,418 [INFO] __main__: 状态文件: C:\Users\Administrator\.openclaw\workspace\papers\processed\pipeline_state.json
2026-02-08 01:50:08,418 [INFO] __main__: 检查间隔: 60 秒
2026-02-08 01:50:08,421 [INFO] __main__: 初始状态已保存
2026-02-08 01:50:08,421 [INFO] __main__: 执行健康检查...
2026-02-08 02:10:15,331 [INFO] __main__: TTS Manager 初始化完成
2026-02-08 02:10:15,331 [INFO] __main__: 状态文件: C:\Users\Administrator\.openclaw\workspace\papers\processed\pipeline_state.json
2026-02-08 02:10:15,331 [INFO] __main__: 检查间隔: 60 秒
2026-02-08 02:10:15,334 [INFO] __main__: 初始状态已保存
2026-02-08 02:10:15,334 [INFO] __main__: 执行健康检查...
2026-02-08 02:30:10,537 [INFO] __main__: TTS Manager 初始化完成
2026-02-08 02:30:10,537 [INFO] __main__: 状态文件: C:\Users\Administrator\.openclaw\workspace\papers\processed\pipeline_state.json
2026-02-08 02:30:10,538 [INFO] __main__: 检查间隔: 60 秒
2026-02-08 02:30:10,540 [INFO] __main__: 初始状态已保存
2026-02-08 02:30:10,540 [INFO] __main__: 执行健康检查...
2026-02-08 02:40:07,186 [INFO] __main__: TTS Manager 初始化完成
2026-02-08 02:40:07,187 [INFO] __main__: 状态文件: C:\Users\Administrator\.openclaw\workspace\papers\processed\pipeline_state.json
2026-02-08 02:40:07,187 [INFO] __main__: 检查间隔: 60 秒
2026-02-08 02:40:07,190 [INFO] __main__: 初始状态已保存
2026-02-08 02:40:07,190 [INFO] __main__: 执行健康检查...
2026-02-08 02:50:07,236 [INFO] __main__: TTS Manager 初始化完成
2026-02-08 02:50:07,236 [INFO] __main__: 状态文件: C:\Users\Administrator\.openclaw\workspace\papers\processed\pipeline_state.json
2026-02-08 02:50:07,237 [INFO] __main__: 检查间隔: 60 秒
2026-02-08 02:50:07,240 [INFO] __main__: 初始状态已保存
2026-02-08 02:50:07,240 [INFO] __main__: 执行健康检查...
2026-02-08 03:20:08,198 [INFO] __main__: TTS Manager 初始化完成
2026-02-08 03:20:08,199 [INFO] __main__: 状态文件: C:\Users\Administrator\.openclaw\workspace\papers\processed\pipeline_state.json
2026-02-08 03:20:08,199 [INFO] __main__: 检查间隔: 60 秒
2026-02-08 03:20:08,203 [INFO] __main__: 初始状态已保存
2026-02-08 03:20:08,203 [INFO] __main__: 执行健康检查...
2026-02-08 03:30:11,451 [INFO] __main__: TTS Manager 初始化完成
2026-02-08 03:30:11,451 [INFO] __main__: 状态文件: C:\Users\Administrator\.openclaw\workspace\papers\processed\pipeline_state.json
2026-02-08 03:30:11,452 [INFO] __main__: 检查间隔: 60 秒
2026-02-08 03:30:11,454 [INFO] __main__: 初始状态已保存
2026-02-08 03:30:11,454 [INFO] __main__: 执行健康检查...
2026-02-08 03:50:07,001 [INFO] __main__: TTS Manager 初始化完成
2026-02-08 03:50:07,002 [INFO] __main__: 状态文件: C:\Users\Administrator\.openclaw\workspace\papers\processed\pipeline_state.json
2026-02-08 03:50:07,002 [INFO] __main__: 检查间隔: 60 秒
2026-02-08 03:50:07,005 [INFO] __main__: 初始状态已保存
2026-02-08 03:50:07,005 [INFO] __main__: 执行健康检查...
2026-02-08 04:00:10,889 [INFO] __main__: TTS Manager 初始化完成
2026-02-08 04:00:10,890 [INFO] __main__: 状态文件: C:\Users\Administrator\.openclaw\workspace\papers\processed\pipeline_state.json
2026-02-08 04:00:10,890 [INFO] __main__: 检查间隔: 60 秒
2026-02-08 04:00:10,893 [INFO] __main__: 初始状态已保存
2026-02-08 04:00:10,893 [INFO] __main__: 执行健康检查...
2026-02-08 04:00:44,423 [INFO] __main__: TTS Manager 初始化完成
2026-02-08 04:00:44,423 [INFO] __main__: 状态文件: C:\Users\Administrator\.openclaw\workspace\papers\processed\pipeline_state.json
2026-02-08 04:00:44,423 [INFO] __main__: 检查间隔: 60 秒
2026-02-08 04:00:44,425 [INFO] __main__: 初始状态已保存
2026-02-08 04:00:44,425 [INFO] __main__: 执行健康检查...
2026-02-08 04:20:50,810 [INFO] __main__: TTS Manager 初始化完成
2026-02-08 04:20:50,811 [INFO] __main__: 状态文件: C:\Users\Administrator\.openclaw\workspace\papers\processed\pipeline_state.json
2026-02-08 04:20:50,811 [INFO] __main__: 检查间隔: 60 秒
2026-02-08 04:20:50,814 [INFO] __main__: 初始状态已保存
2026-02-08 04:20:50,814 [INFO] __main__: TTS Manager 已启动,进入主循环...
2026-02-08 04:20:50,814 [INFO] __main__: 等待系统事件和定期检查...
2026-02-08 04:21:36,813 [INFO] __main__: TTS Manager 初始化完成
2026-02-08 04:21:36,813 [INFO] __main__: 状态文件: C:\Users\Administrator\.openclaw\workspace\papers\processed\pipeline_state.json
2026-02-08 04:21:36,813 [INFO] __main__: 检查间隔: 60 秒
2026-02-08 04:21:36,814 [INFO] __main__: 初始状态已保存
2026-02-08 04:21:36,814 [INFO] __main__: 执行健康检查...
2026-02-08 04:40:09,056 [INFO] __main__: TTS Manager 初始化完成
2026-02-08 04:40:09,056 [INFO] __main__: 状态文件: C:\Users\Administrator\.openclaw\workspace\papers\processed\pipeline_state.json
2026-02-08 04:40:09,057 [INFO] __main__: 检查间隔: 60 秒
2026-02-08 04:40:09,057 [INFO] __main__: 初始状态已保存
2026-02-08 04:40:09,057 [INFO] __main__: 执行健康检查...
2026-02-08 05:10:07,711 [INFO] __main__: TTS Manager 初始化完成
2026-02-08 05:10:07,712 [INFO] __main__: 状态文件: C:\Users\Administrator\.openclaw\workspace\papers\processed\pipeline_state.json
2026-02-08 05:10:07,712 [INFO] __main__: 检查间隔: 60 秒
2026-02-08 05:10:07,713 [INFO] __main__: 初始状态已保存
2026-02-08 05:10:07,713 [INFO] __main__: 执行健康检查...
2026-02-08 05:40:07,780 [INFO] __main__: TTS Manager 初始化完成
2026-02-08 05:40:07,781 [INFO] __main__: 状态文件: C:\Users\Administrator\.openclaw\workspace\papers\processed\pipeline_state.json
2026-02-08 05:40:07,781 [INFO] __main__: 检查间隔: 60 秒
2026-02-08 05:40:07,782 [INFO] __main__: 初始状态已保存
2026-02-08 05:40:07,782 [INFO] __main__: 执行健康检查...
2026-02-08 05:50:12,796 [INFO] __main__: TTS Manager 初始化完成
2026-02-08 05:50:12,796 [INFO] __main__: 状态文件: C:\Users\Administrator\.openclaw\workspace\papers\processed\pipeline_state.json
2026-02-08 05:50:12,796 [INFO] __main__: 检查间隔: 60 秒
2026-02-08 05:50:12,797 [INFO] __main__: 初始状态已保存
2026-02-08 05:50:12,797 [INFO] __main__: 执行健康检查...
2026-02-08 06:10:12,803 [INFO] __main__: TTS Manager 初始化完成
2026-02-08 06:10:12,804 [INFO] __main__: 状态文件: C:\Users\Administrator\.openclaw\workspace\papers\processed\pipeline_state.json
2026-02-08 06:10:12,804 [INFO] __main__: 检查间隔: 60 秒
2026-02-08 06:10:12,805 [INFO] __main__: 初始状态已保存
2026-02-08 06:10:12,805 [INFO] __main__: 执行健康检查...
2026-02-08 06:34:48,051 [INFO] __main__: TTS Manager 初始化完成
2026-02-08 06:34:48,051 [INFO] __main__: 状态文件: C:\Users\Administrator\.openclaw\workspace\papers\processed\pipeline_state.json
2026-02-08 06:34:48,052 [INFO] __main__: 检查间隔: 60 秒
2026-02-08 06:34:48,052 [INFO] __main__: 初始状态已保存
2026-02-08 06:34:48,052 [INFO] __main__: 执行健康检查...
2026-02-08 06:50:05,943 [INFO] __main__: TTS Manager 初始化完成
2026-02-08 06:50:05,944 [INFO] __main__: 状态文件: C:\Users\Administrator\.openclaw\workspace\papers\processed\pipeline_state.json
2026-02-08 06:50:05,944 [INFO] __main__: 检查间隔: 60 秒
2026-02-08 06:50:05,944 [INFO] __main__: 初始状态已保存
2026-02-08 06:50:05,944 [INFO] __main__: 执行健康检查...
2026-02-08 07:00:21,986 [INFO] __main__: TTS Manager 初始化完成
2026-02-08 07:00:21,986 [INFO] __main__: 状态文件: C:\Users\Administrator\.openclaw\workspace\papers\processed\pipeline_state.json
2026-02-08 07:00:21,986 [INFO] __main__: 检查间隔: 60 秒
2026-02-08 07:00:21,987 [INFO] __main__: 初始状态已保存
2026-02-08 07:00:21,987 [INFO] __main__: 执行健康检查...
2026-02-08 07:20:07,551 [INFO] __main__: TTS Manager 初始化完成
2026-02-08 07:20:07,552 [INFO] __main__: 状态文件: C:\Users\Administrator\.openclaw\workspace\papers\processed\pipeline_state.json
2026-02-08 07:20:07,552 [INFO] __main__: 检查间隔: 60 秒
2026-02-08 07:20:07,553 [INFO] __main__: 初始状态已保存
2026-02-08 07:20:07,553 [INFO] __main__: 执行健康检查...
2026-02-08 07:30:08,096 [INFO] __main__: TTS Manager 初始化完成
2026-02-08 07:30:08,097 [INFO] __main__: 状态文件: C:\Users\Administrator\.openclaw\workspace\papers\processed\pipeline_state.json
2026-02-08 07:30:08,097 [INFO] __main__: 检查间隔: 60 秒
2026-02-08 07:30:08,098 [INFO] __main__: 初始状态已保存
2026-02-08 07:30:08,098 [INFO] __main__: 执行健康检查...
2026-02-08 08:00:09,344 [INFO] __main__: TTS Manager 初始化完成
2026-02-08 08:00:09,344 [INFO] __main__: 状态文件: C:\Users\Administrator\.openclaw\workspace\papers\processed\pipeline_state.json
2026-02-08 08:00:09,345 [INFO] __main__: 检查间隔: 60 秒
2026-02-08 08:00:09,345 [INFO] __main__: 初始状态已保存
2026-02-08 08:00:09,346 [INFO] __main__: 执行健康检查...
2026-02-08 08:20:06,768 [INFO] __main__: TTS Manager 初始化完成
2026-02-08 08:20:06,769 [INFO] __main__: 状态文件: C:\Users\Administrator\.openclaw\workspace\papers\processed\pipeline_state.json
2026-02-08 08:20:06,769 [INFO] __main__: 检查间隔: 60 秒
2026-02-08 08:20:06,769 [INFO] __main__: 初始状态已保存
2026-02-08 08:20:06,769 [INFO] __main__: 执行健康检查...
2026-02-08 09:00:08,154 [INFO] __main__: TTS Manager 初始化完成
2026-02-08 09:00:08,155 [INFO] __main__: 状态文件: C:\Users\Administrator\.openclaw\workspace\papers\processed\pipeline_state.json
2026-02-08 09:00:08,155 [INFO] __main__: 检查间隔: 60 秒
2026-02-08 09:00:08,156 [INFO] __main__: 初始状态已保存
2026-02-08 09:00:08,156 [INFO] __main__: 执行健康检查...
2026-02-08 09:20:06,578 [INFO] __main__: TTS Manager 初始化完成
2026-02-08 09:20:06,579 [INFO] __main__: 状态文件: C:\Users\Administrator\.openclaw\workspace\papers\processed\pipeline_state.json
2026-02-08 09:20:06,579 [INFO] __main__: 检查间隔: 60 秒
2026-02-08 09:20:06,580 [INFO] __main__: 初始状态已保存
2026-02-08 09:20:06,580 [INFO] __main__: 执行健康检查...
2026-02-08 09:20:22,237 [INFO] __main__: TTS Manager 初始化完成
2026-02-08 09:20:22,237 [INFO] __main__: 状态文件: C:\Users\Administrator\.openclaw\workspace\papers\processed\pipeline_state.json
2026-02-08 09:20:22,237 [INFO] __main__: 检查间隔: 60 秒
2026-02-08 09:20:22,238 [INFO] __main__: 初始状态已保存
2026-02-08 10:00:08,048 [INFO] __main__: TTS Manager 初始化完成
2026-02-08 10:00:08,049 [INFO] __main__: 状态文件: C:\Users\Administrator\.openclaw\workspace\papers\processed\pipeline_state.json
2026-02-08 10:00:08,049 [INFO] __main__: 检查间隔: 60 秒
2026-02-08 10:00:08,052 [INFO] __main__: 初始状态已保存
2026-02-08 10:00:08,052 [INFO] __main__: 执行健康检查...
2026-02-08 10:18:18,954 [INFO] __main__: TTS Manager 初始化完成
2026-02-08 10:18:18,955 [INFO] __main__: 状态文件: C:\Users\Administrator\.openclaw\workspace\papers\processed\pipeline_state.json
2026-02-08 10:18:18,955 [INFO] __main__: 检查间隔: 60 秒
2026-02-08 10:18:18,957 [INFO] __main__: 初始状态已保存
2026-02-08 10:18:18,957 [INFO] __main__: 执行健康检查...
2026-02-08 10:20:01,545 [INFO] __main__: TTS Manager 初始化完成
2026-02-08 10:20:01,545 [INFO] __main__: 状态文件: C:\Users\Administrator\.openclaw\workspace\papers\processed\pipeline_state.json
2026-02-08 10:20:01,545 [INFO] __main__: 检查间隔: 60 秒
2026-02-08 10:20:01,548 [INFO] __main__: 初始状态已保存
2026-02-08 10:20:01,548 [INFO] __main__: 执行健康检查...
2026-02-08 10:20:55,598 [INFO] __main__: TTS Manager 初始化完成
2026-02-08 10:20:55,598 [INFO] __main__: 状态文件: C:\Users\Administrator\.openclaw\workspace\papers\processed\pipeline_state.json
2026-02-08 10:20:55,598 [INFO] __main__: 检查间隔: 60 秒
2026-02-08 10:20:55,601 [INFO] __main__: 初始状态已保存
2026-02-08 10:20:55,601 [INFO] __main__: 执行健康检查...
2026-02-08 10:32:12,613 [INFO] __main__: TTS Manager 初始化完成
2026-02-08 10:32:12,613 [INFO] __main__: 状态文件: C:\Users\Administrator\.openclaw\workspace\papers\processed\pipeline_state.json
2026-02-08 10:32:12,614 [INFO] __main__: 检查间隔: 60 秒
2026-02-08 10:32:12,616 [INFO] __main__: 初始状态已保存
2026-02-08 10:32:12,616 [INFO] __main__: 执行健康检查...
2026-02-08 11:20:06,424 [INFO] __main__: TTS Manager 初始化完成
2026-02-08 11:20:06,424 [INFO] __main__: 状态文件: C:\Users\Administrator\.openclaw\workspace\papers\processed\pipeline_state.json
2026-02-08 11:20:06,424 [INFO] __main__: 检查间隔: 60 秒
2026-02-08 11:20:06,427 [INFO] __main__: 初始状态已保存
2026-02-08 11:20:06,427 [INFO] __main__: 执行健康检查...
2026-02-08 11:40:48,611 [INFO] __main__: TTS Manager 初始化完成
2026-02-08 11:40:48,611 [INFO] __main__: 状态文件: C:\Users\Administrator\.openclaw\workspace\papers\processed\pipeline_state.json
2026-02-08 11:40:48,611 [INFO] __main__: 检查间隔: 60 秒
2026-02-08 11:40:48,614 [INFO] __main__: 初始状态已保存
2026-02-08 11:40:48,614 [INFO] __main__: 执行健康检查...
2026-02-08 12:20:10,154 [INFO] __main__: TTS Manager 初始化完成
2026-02-08 12:20:10,155 [INFO] __main__: 状态文件: C:\Users\Administrator\.openclaw\workspace\papers\processed\pipeline_state.json
2026-02-08 12:20:10,155 [INFO] __main__: 检查间隔: 60 秒
2026-02-08 12:20:10,158 [INFO] __main__: 初始状态已保存
2026-02-08 12:20:10,158 [INFO] __main__: 执行健康检查...
2026-02-08 13:10:09,405 [INFO] __main__: TTS Manager 初始化完成
2026-02-08 13:10:09,405 [INFO] __main__: 状态文件: C:\Users\Administrator\.openclaw\workspace\papers\processed\pipeline_state.json
2026-02-08 13:10:09,405 [INFO] __main__: 检查间隔: 60 秒
2026-02-08 13:10:09,409 [INFO] __main__: 初始状态已保存
2026-02-08 13:10:09,409 [INFO] __main__: 执行健康检查...
2026-02-08 13:20:09,901 [INFO] __main__: TTS Manager 初始化完成
2026-02-08 13:20:09,901 [INFO] __main__: 状态文件: C:\Users\Administrator\.openclaw\workspace\papers\processed\pipeline_state.json
2026-02-08 13:20:09,901 [INFO] __main__: 检查间隔: 60 秒
2026-02-08 13:20:09,905 [INFO] __main__: 初始状态已保存
2026-02-08 13:20:09,905 [INFO] __main__: 执行健康检查...
2026-02-08 13:30:16,059 [INFO] __main__: TTS Manager 初始化完成
2026-02-08 13:30:16,059 [INFO] __main__: 状态文件: C:\Users\Administrator\.openclaw\workspace\papers\processed\pipeline_state.json
2026-02-08 13:30:16,059 [INFO] __main__: 检查间隔: 60 秒
2026-02-08 13:30:16,062 [INFO] __main__: 初始状态已保存
2026-02-08 13:30:16,062 [INFO] __main__: 执行健康检查...
2026-02-08 13:50:08,387 [INFO] __main__: TTS Manager 初始化完成
2026-02-08 13:50:08,387 [INFO] __main__: 状态文件: C:\Users\Administrator\.openclaw\workspace\papers\processed\pipeline_state.json
2026-02-08 13:50:08,388 [INFO] __main__: 检查间隔: 60 秒
2026-02-08 13:50:08,390 [INFO] __main__: 初始状态已保存
2026-02-08 13:50:08,390 [INFO] __main__: 执行健康检查...
2026-02-08 14:30:19,302 [INFO] __main__: TTS Manager 初始化完成
2026-02-08 14:30:19,302 [INFO] __main__: 状态文件: C:\Users\Administrator\.openclaw\workspace\papers\processed\pipeline_state.json
2026-02-08 14:30:19,303 [INFO] __main__: 检查间隔: 60 秒
2026-02-08 14:30:19,306 [INFO] __main__: 初始状态已保存
2026-02-08 14:30:19,306 [INFO] __main__: 执行健康检查...
2026-02-08 14:50:15,959 [INFO] __main__: TTS Manager 初始化完成
2026-02-08 14:50:15,959 [INFO] __main__: 状态文件: C:\Users\Administrator\.openclaw\workspace\papers\processed\pipeline_state.json
2026-02-08 14:50:15,960 [INFO] __main__: 检查间隔: 60 秒
2026-02-08 14:50:15,962 [INFO] __main__: 初始状态已保存
2026-02-08 14:50:15,962 [INFO] __main__: 执行健康检查...
2026-02-08 15:00:13,284 [INFO] __main__: TTS Manager 初始化完成
2026-02-08 15:00:13,284 [INFO] __main__: 状态文件: C:\Users\Administrator\.openclaw\workspace\papers\processed\pipeline_state.json
2026-02-08 15:00:13,285 [INFO] __main__: 检查间隔: 60 秒
2026-02-08 15:00:13,287 [INFO] __main__: 初始状态已保存
2026-02-08 15:00:13,288 [INFO] __main__: 执行健康检查...
2026-02-08 15:10:13,100 [INFO] __main__: TTS Manager 初始化完成
2026-02-08 15:10:13,101 [INFO] __main__: 状态文件: C:\Users\Administrator\.openclaw\workspace\papers\processed\pipeline_state.json
2026-02-08 15:10:13,101 [INFO] __main__: 检查间隔: 60 秒
2026-02-08 15:10:13,106 [INFO] __main__: 初始状态已保存
2026-02-08 15:10:13,106 [INFO] __main__: 执行健康检查...
2026-02-08 15:40:21,519 [INFO] __main__: TTS Manager 初始化完成
2026-02-08 15:40:21,521 [INFO] __main__: 状态文件: C:\Users\Administrator\.openclaw\workspace\papers\processed\pipeline_state.json
2026-02-08 15:40:21,521 [INFO] __main__: 检查间隔: 60 秒
2026-02-08 15:40:21,523 [INFO] __main__: 初始状态已保存
2026-02-08 15:40:21,523 [INFO] __main__: 执行健康检查...
2026-02-08 15:50:09,025 [INFO] __main__: TTS Manager 初始化完成
2026-02-08 15:50:09,026 [INFO] __main__: 状态文件: C:\Users\Administrator\.openclaw\workspace\papers\processed\pipeline_state.json
2026-02-08 15:50:09,026 [INFO] __main__: 检查间隔: 60 秒
2026-02-08 15:50:09,029 [INFO] __main__: 初始状态已保存
2026-02-08 15:50:09,029 [INFO] __main__: 执行健康检查...
2026-02-08 16:00:07,605 [INFO] __main__: TTS Manager 初始化完成
2026-02-08 16:00:07,605 [INFO] __main__: 状态文件: C:\Users\Administrator\.openclaw\workspace\papers\processed\pipeline_state.json
2026-02-08 16:00:07,605 [INFO] __main__: 检查间隔: 60 秒
2026-02-08 16:00:07,608 [INFO] __main__: 初始状态已保存
2026-02-08 16:00:07,608 [INFO] __main__: 执行健康检查...
2026-02-08 16:20:07,477 [INFO] __main__: TTS Manager 初始化完成
2026-02-08 16:20:07,478 [INFO] __main__: 状态文件: C:\Users\Administrator\.openclaw\workspace\papers\processed\pipeline_state.json
2026-02-08 16:20:07,478 [INFO] __main__: 检查间隔: 60 秒
2026-02-08 16:20:07,481 [INFO] __main__: 初始状态已保存
2026-02-08 16:20:07,481 [INFO] __main__: 执行健康检查...
2026-02-08 16:30:08,097 [INFO] __main__: TTS Manager 初始化完成
2026-02-08 16:30:08,098 [INFO] __main__: 状态文件: C:\Users\Administrator\.openclaw\workspace\papers\processed\pipeline_state.json
2026-02-08 16:30:08,098 [INFO] __main__: 检查间隔: 60 秒
2026-02-08 16:30:08,102 [INFO] __main__: 初始状态已保存
2026-02-08 16:30:08,102 [INFO] __main__: 执行健康检查...
2026-02-08 16:50:06,688 [INFO] __main__: TTS Manager 初始化完成
2026-02-08 16:50:06,689 [INFO] __main__: 状态文件: C:\Users\Administrator\.openclaw\workspace\papers\processed\pipeline_state.json
2026-02-08 16:50:06,689 [INFO] __main__: 检查间隔: 60 秒
2026-02-08 16:50:06,692 [INFO] __main__: 初始状态已保存
2026-02-08 16:50:06,692 [INFO] __main__: 执行健康检查...
2026-02-08 17:00:38,685 [INFO] __main__: TTS Manager 初始化完成
2026-02-08 17:00:38,686 [INFO] __main__: 状态文件: C:\Users\Administrator\.openclaw\workspace\papers\processed\pipeline_state.json
2026-02-08 17:00:38,686 [INFO] __main__: 检查间隔: 60 秒
2026-02-08 17:00:38,689 [INFO] __main__: 初始状态已保存
2026-02-08 17:00:38,689 [INFO] __main__: 执行健康检查...
2026-02-08 17:00:44,501 [INFO] __main__: TTS Manager 初始化完成
2026-02-08 17:00:44,502 [INFO] __main__: 状态文件: C:\Users\Administrator\.openclaw\workspace\papers\processed\pipeline_state.json
2026-02-08 17:00:44,502 [INFO] __main__: 检查间隔: 60 秒
2026-02-08 17:00:44,502 [INFO] __main__: 初始状态已保存
2026-02-08 17:10:08,940 [INFO] __main__: TTS Manager 初始化完成
2026-02-08 17:10:08,940 [INFO] __main__: 状态文件: C:\Users\Administrator\.openclaw\workspace\papers\processed\pipeline_state.json
2026-02-08 17:10:08,940 [INFO] __main__: 检查间隔: 60 秒
2026-02-08 17:10:08,943 [INFO] __main__: 初始状态已保存
2026-02-08 17:10:08,943 [INFO] __main__: 执行健康检查...
2026-02-08 17:20:09,647 [INFO] __main__: TTS Manager 初始化完成
2026-02-08 17:20:09,647 [INFO] __main__: 状态文件: C:\Users\Administrator\.openclaw\workspace\papers\processed\pipeline_state.json
2026-02-08 17:20:09,647 [INFO] __main__: 检查间隔: 60 秒
2026-02-08 17:20:09,648 [INFO] __main__: 初始状态已保存
2026-02-08 17:20:09,648 [INFO] __main__: 执行健康检查...
2026-02-08 17:50:07,350 [INFO] __main__: TTS Manager 初始化完成
2026-02-08 17:50:07,350 [INFO] __main__: 状态文件: C:\Users\Administrator\.openclaw\workspace\papers\processed\pipeline_state.json
2026-02-08 17:50:07,350 [INFO] __main__: 检查间隔: 60 秒
2026-02-08 17:50:07,353 [INFO] __main__: 初始状态已保存
2026-02-08 17:50:07,353 [INFO] __main__: 执行健康检查...
2026-02-08 18:00:15,352 [INFO] __main__: TTS Manager 初始化完成
2026-02-08 18:00:15,353 [INFO] __main__: 状态文件: C:\Users\Administrator\.openclaw\workspace\papers\processed\pipeline_state.json
2026-02-08 18:00:15,353 [INFO] __main__: 检查间隔: 60 秒
2026-02-08 18:00:15,355 [INFO] __main__: 初始状态已保存
2026-02-08 18:00:15,355 [INFO] __main__: 执行健康检查...
2026-02-08 18:10:07,865 [INFO] __main__: TTS Manager 初始化完成
2026-02-08 18:10:07,866 [INFO] __main__: 状态文件: C:\Users\Administrator\.openclaw\workspace\papers\processed\pipeline_state.json
2026-02-08 18:10:07,866 [INFO] __main__: 检查间隔: 60 秒
2026-02-08 18:10:07,869 [INFO] __main__: 初始状态已保存
2026-02-08 18:10:07,869 [INFO] __main__: 执行健康检查...
2026-02-08 18:20:17,834 [INFO] __main__: TTS Manager 初始化完成
2026-02-08 18:20:17,834 [INFO] __main__: 状态文件: C:\Users\Administrator\.openclaw\workspace\papers\processed\pipeline_state.json
2026-02-08 18:20:17,834 [INFO] __main__: 检查间隔: 60 秒
2026-02-08 18:20:17,837 [INFO] __main__: 初始状态已保存
2026-02-08 18:20:17,837 [INFO] __main__: 执行健康检查...
2026-02-08 18:30:08,146 [INFO] __main__: TTS Manager 初始化完成
2026-02-08 18:30:08,147 [INFO] __main__: 状态文件: C:\Users\Administrator\.openclaw\workspace\papers\processed\pipeline_state.json
2026-02-08 18:30:08,147 [INFO] __main__: 检查间隔: 60 秒
2026-02-08 18:30:08,150 [INFO] __main__: 初始状态已保存
2026-02-08 18:30:08,150 [INFO] __main__: 执行健康检查...
2026-02-08 18:50:08,030 [INFO] __main__: TTS Manager 初始化完成
2026-02-08 18:50:08,031 [INFO] __main__: 状态文件: C:\Users\Administrator\.openclaw\workspace\papers\processed\pipeline_state.json
2026-02-08 18:50:08,031 [INFO] __main__: 检查间隔: 60 秒
2026-02-08 18:50:08,034 [INFO] __main__: 初始状态已保存
2026-02-08 18:50:08,034 [INFO] __main__: 执行健康检查...
2026-02-08 19:00:10,500 [INFO] __main__: TTS Manager 初始化完成
2026-02-08 19:00:10,500 [INFO] __main__: 状态文件: C:\Users\Administrator\.openclaw\workspace\papers\processed\pipeline_state.json
2026-02-08 19:00:10,501 [INFO] __main__: 检查间隔: 60 秒
2026-02-08 19:00:10,503 [INFO] __main__: 初始状态已保存
2026-02-08 19:00:10,504 [INFO] __main__: 执行健康检查...
2026-02-08 19:10:07,956 [INFO] __main__: TTS Manager 初始化完成
2026-02-08 19:10:07,956 [INFO] __main__: 状态文件: C:\Users\Administrator\.openclaw\workspace\papers\processed\pipeline_state.json
2026-02-08 19:10:07,957 [INFO] __main__: 检查间隔: 60 秒
2026-02-08 19:10:07,960 [INFO] __main__: 初始状态已保存
2026-02-08 19:10:07,960 [INFO] __main__: 执行健康检查...
2026-02-08 19:20:07,687 [INFO] __main__: TTS Manager 初始化完成
2026-02-08 19:20:07,688 [INFO] __main__: 状态文件: C:\Users\Administrator\.openclaw\workspace\papers\processed\pipeline_state.json
2026-02-08 19:20:07,688 [INFO] __main__: 检查间隔: 60 秒
2026-02-08 19:20:07,691 [INFO] __main__: 初始状态已保存
2026-02-08 19:20:07,691 [INFO] __main__: 执行健康检查...
2026-02-08 19:30:16,260 [INFO] __main__: TTS Manager 初始化完成
2026-02-08 19:30:16,260 [INFO] __main__: 状态文件: C:\Users\Administrator\.openclaw\workspace\papers\processed\pipeline_state.json
2026-02-08 19:30:16,260 [INFO] __main__: 检查间隔: 60 秒
2026-02-08 19:30:16,264 [INFO] __main__: 初始状态已保存
2026-02-08 19:30:16,264 [INFO] __main__: 执行健康检查...
2026-02-08 19:50:28,279 [INFO] __main__: TTS Manager 初始化完成
2026-02-08 19:50:28,279 [INFO] __main__: 状态文件: C:\Users\Administrator\.openclaw\workspace\papers\processed\pipeline_state.json
2026-02-08 19:50:28,279 [INFO] __main__: 检查间隔: 60 秒
2026-02-08 19:50:28,281 [INFO] __main__: 初始状态已保存
2026-02-08 19:50:28,282 [INFO] __main__: TTS Manager 已启动,进入主循环...
2026-02-08 19:50:28,282 [INFO] __main__: 等待系统事件和定期检查...
2026-02-08 20:00:13,263 [INFO] __main__: TTS Manager 初始化完成
2026-02-08 20:00:13,263 [INFO] __main__: 状态文件: C:\Users\Administrator\.openclaw\workspace\papers\processed\pipeline_state.json
2026-02-08 20:00:13,263 [INFO] __main__: 检查间隔: 60 秒
2026-02-08 20:00:13,264 [INFO] __main__: 初始状态已保存
2026-02-08 20:00:13,264 [INFO] __main__: 执行健康检查...
2026-02-08 20:20:07,212 [INFO] __main__: TTS Manager 初始化完成
2026-02-08 20:20:07,212 [INFO] __main__: 状态文件: C:\Users\Administrator\.openclaw\workspace\papers\processed\pipeline_state.json
2026-02-08 20:20:07,212 [INFO] __main__: 检查间隔: 60 秒
2026-02-08 20:20:07,213 [INFO] __main__: 初始状态已保存
2026-02-08 20:20:07,213 [INFO] __main__: 执行健康检查...
2026-02-08 20:30:08,693 [INFO] __main__: TTS Manager 初始化完成
2026-02-08 20:30:08,693 [INFO] __main__: 状态文件: C:\Users\Administrator\.openclaw\workspace\papers\processed\pipeline_state.json
2026-02-08 20:30:08,694 [INFO] __main__: 检查间隔: 60 秒
2026-02-08 20:30:08,695 [INFO] __main__: 初始状态已保存
2026-02-08 20:30:08,695 [INFO] __main__: 执行健康检查...
2026-02-08 21:00:27,547 [INFO] __main__: TTS Manager 初始化完成
2026-02-08 21:00:27,547 [INFO] __main__: 状态文件: C:\Users\Administrator\.openclaw\workspace\papers\processed\pipeline_state.json
2026-02-08 21:00:27,548 [INFO] __main__: 检查间隔: 60 秒
2026-02-08 21:00:27,549 [INFO] __main__: 初始状态已保存
2026-02-08 21:00:27,549 [INFO] __main__: 执行健康检查...
